[2024-04-28T00:01:59.027+0000] {processor.py:157} INFO - Started process (PID=549) to work on /opt/airflow/dags/reddit_dag.py
[2024-04-28T00:01:59.029+0000] {processor.py:829} INFO - Processing file /opt/airflow/dags/reddit_dag.py for tasks to queue
[2024-04-28T00:01:59.043+0000] {logging_mixin.py:151} INFO - [2024-04-28T00:01:59.042+0000] {dagbag.py:536} INFO - Filling up the DagBag from /opt/airflow/dags/reddit_dag.py
[2024-04-28T00:02:00.025+0000] {processor.py:839} INFO - DAG(s) dict_keys(['etl_reddit_pipeline']) retrieved from /opt/airflow/dags/reddit_dag.py
[2024-04-28T00:02:00.188+0000] {logging_mixin.py:151} INFO - [2024-04-28T00:02:00.187+0000] {dag.py:2941} INFO - Sync 1 DAGs
[2024-04-28T00:02:00.196+0000] {logging_mixin.py:151} INFO - [2024-04-28T00:02:00.196+0000] {dag.py:3722} INFO - Setting next_dagrun for etl_reddit_pipeline to 2024-04-28T00:00:00+00:00, run_after=2024-04-29T00:00:00+00:00
[2024-04-28T00:02:00.203+0000] {processor.py:179} INFO - Processing /opt/airflow/dags/reddit_dag.py took 1.185 seconds
[2024-04-28T00:02:39.748+0000] {processor.py:157} INFO - Started process (PID=551) to work on /opt/airflow/dags/reddit_dag.py
[2024-04-28T00:02:39.751+0000] {processor.py:829} INFO - Processing file /opt/airflow/dags/reddit_dag.py for tasks to queue
[2024-04-28T00:02:39.757+0000] {logging_mixin.py:151} INFO - [2024-04-28T00:02:39.756+0000] {dagbag.py:536} INFO - Filling up the DagBag from /opt/airflow/dags/reddit_dag.py
[2024-04-28T00:02:40.101+0000] {processor.py:839} INFO - DAG(s) dict_keys(['etl_reddit_pipeline']) retrieved from /opt/airflow/dags/reddit_dag.py
[2024-04-28T00:02:40.117+0000] {logging_mixin.py:151} INFO - [2024-04-28T00:02:40.117+0000] {dag.py:2941} INFO - Sync 1 DAGs
[2024-04-28T00:02:40.234+0000] {logging_mixin.py:151} INFO - [2024-04-28T00:02:40.234+0000] {dag.py:3722} INFO - Setting next_dagrun for etl_reddit_pipeline to 2024-04-28T00:00:00+00:00, run_after=2024-04-29T00:00:00+00:00
[2024-04-28T00:02:40.241+0000] {processor.py:179} INFO - Processing /opt/airflow/dags/reddit_dag.py took 0.504 seconds
[2024-04-28T00:03:28.436+0000] {processor.py:157} INFO - Started process (PID=553) to work on /opt/airflow/dags/reddit_dag.py
[2024-04-28T00:03:28.439+0000] {processor.py:829} INFO - Processing file /opt/airflow/dags/reddit_dag.py for tasks to queue
[2024-04-28T00:03:28.445+0000] {logging_mixin.py:151} INFO - [2024-04-28T00:03:28.444+0000] {dagbag.py:536} INFO - Filling up the DagBag from /opt/airflow/dags/reddit_dag.py
[2024-04-28T00:03:28.799+0000] {processor.py:839} INFO - DAG(s) dict_keys(['etl_reddit_pipeline']) retrieved from /opt/airflow/dags/reddit_dag.py
[2024-04-28T00:03:28.932+0000] {logging_mixin.py:151} INFO - [2024-04-28T00:03:28.931+0000] {dag.py:2941} INFO - Sync 1 DAGs
[2024-04-28T00:03:28.942+0000] {logging_mixin.py:151} INFO - [2024-04-28T00:03:28.942+0000] {dag.py:3722} INFO - Setting next_dagrun for etl_reddit_pipeline to 2024-04-28T00:00:00+00:00, run_after=2024-04-29T00:00:00+00:00
[2024-04-28T00:03:28.949+0000] {processor.py:179} INFO - Processing /opt/airflow/dags/reddit_dag.py took 0.523 seconds
[2024-04-28T00:36:54.427+0000] {processor.py:157} INFO - Started process (PID=555) to work on /opt/airflow/dags/reddit_dag.py
[2024-04-28T00:36:54.429+0000] {processor.py:829} INFO - Processing file /opt/airflow/dags/reddit_dag.py for tasks to queue
[2024-04-28T00:36:54.433+0000] {logging_mixin.py:151} INFO - [2024-04-28T00:36:54.432+0000] {dagbag.py:536} INFO - Filling up the DagBag from /opt/airflow/dags/reddit_dag.py
[2024-04-28T00:36:54.895+0000] {processor.py:839} INFO - DAG(s) dict_keys(['etl_reddit_pipeline']) retrieved from /opt/airflow/dags/reddit_dag.py
[2024-04-28T00:36:54.905+0000] {logging_mixin.py:151} INFO - [2024-04-28T00:36:54.905+0000] {dag.py:2941} INFO - Sync 1 DAGs
[2024-04-28T00:36:54.914+0000] {logging_mixin.py:151} INFO - [2024-04-28T00:36:54.914+0000] {dag.py:3722} INFO - Setting next_dagrun for etl_reddit_pipeline to 2024-04-28T00:00:00+00:00, run_after=2024-04-29T00:00:00+00:00
[2024-04-28T00:36:54.921+0000] {processor.py:179} INFO - Processing /opt/airflow/dags/reddit_dag.py took 0.500 seconds
[2024-04-28T01:41:40.318+0000] {processor.py:157} INFO - Started process (PID=557) to work on /opt/airflow/dags/reddit_dag.py
[2024-04-28T01:41:40.319+0000] {processor.py:829} INFO - Processing file /opt/airflow/dags/reddit_dag.py for tasks to queue
[2024-04-28T01:41:40.324+0000] {logging_mixin.py:151} INFO - [2024-04-28T01:41:40.324+0000] {dagbag.py:536} INFO - Filling up the DagBag from /opt/airflow/dags/reddit_dag.py
[2024-04-28T01:41:40.974+0000] {processor.py:839} INFO - DAG(s) dict_keys(['etl_reddit_pipeline']) retrieved from /opt/airflow/dags/reddit_dag.py
[2024-04-28T01:41:41.050+0000] {logging_mixin.py:151} INFO - [2024-04-28T01:41:41.043+0000] {dag.py:2941} INFO - Sync 1 DAGs
[2024-04-28T01:41:41.105+0000] {logging_mixin.py:151} INFO - [2024-04-28T01:41:41.104+0000] {dag.py:3722} INFO - Setting next_dagrun for etl_reddit_pipeline to 2024-04-28T00:00:00+00:00, run_after=2024-04-29T00:00:00+00:00
[2024-04-28T01:41:41.573+0000] {processor.py:179} INFO - Processing /opt/airflow/dags/reddit_dag.py took 1.269 seconds
[2024-04-28T02:41:26.738+0000] {processor.py:157} INFO - Started process (PID=559) to work on /opt/airflow/dags/reddit_dag.py
[2024-04-28T02:41:26.741+0000] {processor.py:829} INFO - Processing file /opt/airflow/dags/reddit_dag.py for tasks to queue
[2024-04-28T02:41:26.755+0000] {logging_mixin.py:151} INFO - [2024-04-28T02:41:26.754+0000] {dagbag.py:536} INFO - Filling up the DagBag from /opt/airflow/dags/reddit_dag.py
[2024-04-28T02:41:27.464+0000] {processor.py:839} INFO - DAG(s) dict_keys(['etl_reddit_pipeline']) retrieved from /opt/airflow/dags/reddit_dag.py
[2024-04-28T02:41:27.538+0000] {logging_mixin.py:151} INFO - [2024-04-28T02:41:27.537+0000] {dag.py:2941} INFO - Sync 1 DAGs
[2024-04-28T02:41:27.685+0000] {logging_mixin.py:151} INFO - [2024-04-28T02:41:27.685+0000] {dag.py:3722} INFO - Setting next_dagrun for etl_reddit_pipeline to 2024-04-28T00:00:00+00:00, run_after=2024-04-29T00:00:00+00:00
[2024-04-28T02:41:27.694+0000] {processor.py:179} INFO - Processing /opt/airflow/dags/reddit_dag.py took 0.971 seconds
[2024-04-28T03:02:26.685+0000] {processor.py:157} INFO - Started process (PID=561) to work on /opt/airflow/dags/reddit_dag.py
[2024-04-28T03:02:26.687+0000] {processor.py:829} INFO - Processing file /opt/airflow/dags/reddit_dag.py for tasks to queue
[2024-04-28T03:02:26.693+0000] {logging_mixin.py:151} INFO - [2024-04-28T03:02:26.692+0000] {dagbag.py:536} INFO - Filling up the DagBag from /opt/airflow/dags/reddit_dag.py
[2024-04-28T03:02:27.541+0000] {processor.py:839} INFO - DAG(s) dict_keys(['etl_reddit_pipeline']) retrieved from /opt/airflow/dags/reddit_dag.py
[2024-04-28T03:02:27.572+0000] {logging_mixin.py:151} INFO - [2024-04-28T03:02:27.572+0000] {dag.py:2941} INFO - Sync 1 DAGs
[2024-04-28T03:02:27.738+0000] {logging_mixin.py:151} INFO - [2024-04-28T03:02:27.737+0000] {dag.py:3722} INFO - Setting next_dagrun for etl_reddit_pipeline to 2024-04-28T00:00:00+00:00, run_after=2024-04-29T00:00:00+00:00
[2024-04-28T03:02:27.748+0000] {processor.py:179} INFO - Processing /opt/airflow/dags/reddit_dag.py took 1.080 seconds
[2024-04-28T04:22:20.696+0000] {processor.py:157} INFO - Started process (PID=563) to work on /opt/airflow/dags/reddit_dag.py
[2024-04-28T04:22:20.698+0000] {processor.py:829} INFO - Processing file /opt/airflow/dags/reddit_dag.py for tasks to queue
[2024-04-28T04:22:20.704+0000] {logging_mixin.py:151} INFO - [2024-04-28T04:22:20.703+0000] {dagbag.py:536} INFO - Filling up the DagBag from /opt/airflow/dags/reddit_dag.py
[2024-04-28T04:22:21.435+0000] {processor.py:839} INFO - DAG(s) dict_keys(['etl_reddit_pipeline']) retrieved from /opt/airflow/dags/reddit_dag.py
[2024-04-28T04:22:21.615+0000] {logging_mixin.py:151} INFO - [2024-04-28T04:22:21.614+0000] {dag.py:2941} INFO - Sync 1 DAGs
[2024-04-28T04:22:21.639+0000] {logging_mixin.py:151} INFO - [2024-04-28T04:22:21.639+0000] {dag.py:3722} INFO - Setting next_dagrun for etl_reddit_pipeline to 2024-04-28T00:00:00+00:00, run_after=2024-04-29T00:00:00+00:00
[2024-04-28T04:22:21.653+0000] {processor.py:179} INFO - Processing /opt/airflow/dags/reddit_dag.py took 0.964 seconds
[2024-04-28T06:01:59.325+0000] {processor.py:157} INFO - Started process (PID=565) to work on /opt/airflow/dags/reddit_dag.py
[2024-04-28T06:01:59.329+0000] {processor.py:829} INFO - Processing file /opt/airflow/dags/reddit_dag.py for tasks to queue
[2024-04-28T06:01:59.342+0000] {logging_mixin.py:151} INFO - [2024-04-28T06:01:59.341+0000] {dagbag.py:536} INFO - Filling up the DagBag from /opt/airflow/dags/reddit_dag.py
[2024-04-28T06:02:00.357+0000] {processor.py:839} INFO - DAG(s) dict_keys(['etl_reddit_pipeline']) retrieved from /opt/airflow/dags/reddit_dag.py
[2024-04-28T06:02:00.374+0000] {logging_mixin.py:151} INFO - [2024-04-28T06:02:00.374+0000] {dag.py:2941} INFO - Sync 1 DAGs
[2024-04-28T06:02:00.386+0000] {logging_mixin.py:151} INFO - [2024-04-28T06:02:00.386+0000] {dag.py:3722} INFO - Setting next_dagrun for etl_reddit_pipeline to 2024-04-28T00:00:00+00:00, run_after=2024-04-29T00:00:00+00:00
[2024-04-28T06:02:00.394+0000] {processor.py:179} INFO - Processing /opt/airflow/dags/reddit_dag.py took 1.081 seconds
[2024-04-28T07:04:24.281+0000] {processor.py:157} INFO - Started process (PID=567) to work on /opt/airflow/dags/reddit_dag.py
[2024-04-28T07:04:24.283+0000] {processor.py:829} INFO - Processing file /opt/airflow/dags/reddit_dag.py for tasks to queue
[2024-04-28T07:04:24.289+0000] {logging_mixin.py:151} INFO - [2024-04-28T07:04:24.288+0000] {dagbag.py:536} INFO - Filling up the DagBag from /opt/airflow/dags/reddit_dag.py
[2024-04-28T07:04:24.897+0000] {processor.py:839} INFO - DAG(s) dict_keys(['etl_reddit_pipeline']) retrieved from /opt/airflow/dags/reddit_dag.py
[2024-04-28T07:04:24.933+0000] {logging_mixin.py:151} INFO - [2024-04-28T07:04:24.933+0000] {dag.py:2941} INFO - Sync 1 DAGs
[2024-04-28T07:04:24.966+0000] {logging_mixin.py:151} INFO - [2024-04-28T07:04:24.966+0000] {dag.py:3722} INFO - Setting next_dagrun for etl_reddit_pipeline to 2024-04-28T00:00:00+00:00, run_after=2024-04-29T00:00:00+00:00
[2024-04-28T07:04:25.203+0000] {processor.py:179} INFO - Processing /opt/airflow/dags/reddit_dag.py took 0.926 seconds
[2024-04-28T08:25:25.238+0000] {processor.py:157} INFO - Started process (PID=569) to work on /opt/airflow/dags/reddit_dag.py
[2024-04-28T08:25:25.240+0000] {processor.py:829} INFO - Processing file /opt/airflow/dags/reddit_dag.py for tasks to queue
[2024-04-28T08:25:25.253+0000] {logging_mixin.py:151} INFO - [2024-04-28T08:25:25.252+0000] {dagbag.py:536} INFO - Filling up the DagBag from /opt/airflow/dags/reddit_dag.py
[2024-04-28T08:25:26.144+0000] {processor.py:839} INFO - DAG(s) dict_keys(['etl_reddit_pipeline']) retrieved from /opt/airflow/dags/reddit_dag.py
[2024-04-28T08:25:26.157+0000] {logging_mixin.py:151} INFO - [2024-04-28T08:25:26.157+0000] {dag.py:2941} INFO - Sync 1 DAGs
[2024-04-28T08:25:26.167+0000] {logging_mixin.py:151} INFO - [2024-04-28T08:25:26.167+0000] {dag.py:3722} INFO - Setting next_dagrun for etl_reddit_pipeline to 2024-04-28T00:00:00+00:00, run_after=2024-04-29T00:00:00+00:00
[2024-04-28T08:25:26.174+0000] {processor.py:179} INFO - Processing /opt/airflow/dags/reddit_dag.py took 0.941 seconds
[2024-04-28T09:46:38.502+0000] {processor.py:157} INFO - Started process (PID=571) to work on /opt/airflow/dags/reddit_dag.py
[2024-04-28T09:46:38.505+0000] {processor.py:829} INFO - Processing file /opt/airflow/dags/reddit_dag.py for tasks to queue
[2024-04-28T09:46:38.514+0000] {logging_mixin.py:151} INFO - [2024-04-28T09:46:38.513+0000] {dagbag.py:536} INFO - Filling up the DagBag from /opt/airflow/dags/reddit_dag.py
[2024-04-28T09:46:38.976+0000] {processor.py:839} INFO - DAG(s) dict_keys(['etl_reddit_pipeline']) retrieved from /opt/airflow/dags/reddit_dag.py
[2024-04-28T09:46:39.059+0000] {logging_mixin.py:151} INFO - [2024-04-28T09:46:39.057+0000] {dag.py:2941} INFO - Sync 1 DAGs
[2024-04-28T09:46:39.387+0000] {logging_mixin.py:151} INFO - [2024-04-28T09:46:39.386+0000] {dag.py:3722} INFO - Setting next_dagrun for etl_reddit_pipeline to 2024-04-28T00:00:00+00:00, run_after=2024-04-29T00:00:00+00:00
[2024-04-28T09:46:39.422+0000] {processor.py:179} INFO - Processing /opt/airflow/dags/reddit_dag.py took 0.931 seconds
[2024-04-28T10:41:31.738+0000] {processor.py:157} INFO - Started process (PID=573) to work on /opt/airflow/dags/reddit_dag.py
[2024-04-28T10:41:31.739+0000] {processor.py:829} INFO - Processing file /opt/airflow/dags/reddit_dag.py for tasks to queue
[2024-04-28T10:41:31.742+0000] {logging_mixin.py:151} INFO - [2024-04-28T10:41:31.742+0000] {dagbag.py:536} INFO - Filling up the DagBag from /opt/airflow/dags/reddit_dag.py
[2024-04-28T10:41:32.039+0000] {processor.py:839} INFO - DAG(s) dict_keys(['etl_reddit_pipeline']) retrieved from /opt/airflow/dags/reddit_dag.py
[2024-04-28T10:41:32.159+0000] {logging_mixin.py:151} INFO - [2024-04-28T10:41:32.159+0000] {dag.py:2941} INFO - Sync 1 DAGs
[2024-04-28T10:41:32.168+0000] {logging_mixin.py:151} INFO - [2024-04-28T10:41:32.168+0000] {dag.py:3722} INFO - Setting next_dagrun for etl_reddit_pipeline to 2024-04-28T00:00:00+00:00, run_after=2024-04-29T00:00:00+00:00
[2024-04-28T10:41:32.175+0000] {processor.py:179} INFO - Processing /opt/airflow/dags/reddit_dag.py took 0.441 seconds
[2024-04-28T11:00:23.170+0000] {processor.py:157} INFO - Started process (PID=575) to work on /opt/airflow/dags/reddit_dag.py
[2024-04-28T11:00:23.172+0000] {processor.py:829} INFO - Processing file /opt/airflow/dags/reddit_dag.py for tasks to queue
[2024-04-28T11:00:23.184+0000] {logging_mixin.py:151} INFO - [2024-04-28T11:00:23.184+0000] {dagbag.py:536} INFO - Filling up the DagBag from /opt/airflow/dags/reddit_dag.py
[2024-04-28T11:00:23.637+0000] {processor.py:839} INFO - DAG(s) dict_keys(['etl_reddit_pipeline']) retrieved from /opt/airflow/dags/reddit_dag.py
[2024-04-28T11:00:23.651+0000] {logging_mixin.py:151} INFO - [2024-04-28T11:00:23.651+0000] {dag.py:2941} INFO - Sync 1 DAGs
[2024-04-28T11:00:23.662+0000] {logging_mixin.py:151} INFO - [2024-04-28T11:00:23.662+0000] {dag.py:3722} INFO - Setting next_dagrun for etl_reddit_pipeline to 2024-04-28T00:00:00+00:00, run_after=2024-04-29T00:00:00+00:00
[2024-04-28T11:00:23.669+0000] {processor.py:179} INFO - Processing /opt/airflow/dags/reddit_dag.py took 0.506 seconds
[2024-04-28T11:33:44.679+0000] {processor.py:157} INFO - Started process (PID=577) to work on /opt/airflow/dags/reddit_dag.py
[2024-04-28T11:33:44.680+0000] {processor.py:829} INFO - Processing file /opt/airflow/dags/reddit_dag.py for tasks to queue
[2024-04-28T11:33:44.684+0000] {logging_mixin.py:151} INFO - [2024-04-28T11:33:44.683+0000] {dagbag.py:536} INFO - Filling up the DagBag from /opt/airflow/dags/reddit_dag.py
[2024-04-28T11:33:45.453+0000] {processor.py:839} INFO - DAG(s) dict_keys(['etl_reddit_pipeline']) retrieved from /opt/airflow/dags/reddit_dag.py
[2024-04-28T11:33:45.495+0000] {logging_mixin.py:151} INFO - [2024-04-28T11:33:45.494+0000] {dag.py:2941} INFO - Sync 1 DAGs
[2024-04-28T11:33:45.533+0000] {logging_mixin.py:151} INFO - [2024-04-28T11:33:45.532+0000] {dag.py:3722} INFO - Setting next_dagrun for etl_reddit_pipeline to 2024-04-28T00:00:00+00:00, run_after=2024-04-29T00:00:00+00:00
[2024-04-28T11:33:45.555+0000] {processor.py:179} INFO - Processing /opt/airflow/dags/reddit_dag.py took 0.888 seconds
[2024-04-28T11:34:16.072+0000] {processor.py:157} INFO - Started process (PID=579) to work on /opt/airflow/dags/reddit_dag.py
[2024-04-28T11:34:16.073+0000] {processor.py:829} INFO - Processing file /opt/airflow/dags/reddit_dag.py for tasks to queue
[2024-04-28T11:34:16.078+0000] {logging_mixin.py:151} INFO - [2024-04-28T11:34:16.077+0000] {dagbag.py:536} INFO - Filling up the DagBag from /opt/airflow/dags/reddit_dag.py
[2024-04-28T11:34:16.539+0000] {processor.py:839} INFO - DAG(s) dict_keys(['etl_reddit_pipeline']) retrieved from /opt/airflow/dags/reddit_dag.py
[2024-04-28T11:34:16.554+0000] {logging_mixin.py:151} INFO - [2024-04-28T11:34:16.554+0000] {dag.py:2941} INFO - Sync 1 DAGs
[2024-04-28T11:34:16.564+0000] {logging_mixin.py:151} INFO - [2024-04-28T11:34:16.564+0000] {dag.py:3722} INFO - Setting next_dagrun for etl_reddit_pipeline to 2024-04-28T00:00:00+00:00, run_after=2024-04-29T00:00:00+00:00
[2024-04-28T11:34:16.571+0000] {processor.py:179} INFO - Processing /opt/airflow/dags/reddit_dag.py took 0.508 seconds
[2024-04-28T11:51:28.974+0000] {processor.py:157} INFO - Started process (PID=581) to work on /opt/airflow/dags/reddit_dag.py
[2024-04-28T11:51:28.978+0000] {processor.py:829} INFO - Processing file /opt/airflow/dags/reddit_dag.py for tasks to queue
[2024-04-28T11:51:28.998+0000] {logging_mixin.py:151} INFO - [2024-04-28T11:51:28.995+0000] {dagbag.py:536} INFO - Filling up the DagBag from /opt/airflow/dags/reddit_dag.py
[2024-04-28T11:51:29.667+0000] {processor.py:839} INFO - DAG(s) dict_keys(['etl_reddit_pipeline']) retrieved from /opt/airflow/dags/reddit_dag.py
[2024-04-28T11:51:29.729+0000] {logging_mixin.py:151} INFO - [2024-04-28T11:51:29.728+0000] {dag.py:2941} INFO - Sync 1 DAGs
[2024-04-28T11:51:29.944+0000] {logging_mixin.py:151} INFO - [2024-04-28T11:51:29.943+0000] {dag.py:3722} INFO - Setting next_dagrun for etl_reddit_pipeline to 2024-04-28T00:00:00+00:00, run_after=2024-04-29T00:00:00+00:00
[2024-04-28T11:51:29.962+0000] {processor.py:179} INFO - Processing /opt/airflow/dags/reddit_dag.py took 1.004 seconds
[2024-04-28T12:00:59.951+0000] {processor.py:157} INFO - Started process (PID=583) to work on /opt/airflow/dags/reddit_dag.py
[2024-04-28T12:00:59.953+0000] {processor.py:829} INFO - Processing file /opt/airflow/dags/reddit_dag.py for tasks to queue
[2024-04-28T12:00:59.957+0000] {logging_mixin.py:151} INFO - [2024-04-28T12:00:59.957+0000] {dagbag.py:536} INFO - Filling up the DagBag from /opt/airflow/dags/reddit_dag.py
[2024-04-28T12:01:00.301+0000] {processor.py:839} INFO - DAG(s) dict_keys(['etl_reddit_pipeline']) retrieved from /opt/airflow/dags/reddit_dag.py
[2024-04-28T12:01:00.434+0000] {logging_mixin.py:151} INFO - [2024-04-28T12:01:00.434+0000] {dag.py:2941} INFO - Sync 1 DAGs
[2024-04-28T12:01:00.444+0000] {logging_mixin.py:151} INFO - [2024-04-28T12:01:00.444+0000] {dag.py:3722} INFO - Setting next_dagrun for etl_reddit_pipeline to 2024-04-28T00:00:00+00:00, run_after=2024-04-29T00:00:00+00:00
[2024-04-28T12:01:00.451+0000] {processor.py:179} INFO - Processing /opt/airflow/dags/reddit_dag.py took 0.507 seconds
[2024-04-28T12:36:23.123+0000] {processor.py:157} INFO - Started process (PID=585) to work on /opt/airflow/dags/reddit_dag.py
[2024-04-28T12:36:23.127+0000] {processor.py:829} INFO - Processing file /opt/airflow/dags/reddit_dag.py for tasks to queue
[2024-04-28T12:36:23.136+0000] {logging_mixin.py:151} INFO - [2024-04-28T12:36:23.135+0000] {dagbag.py:536} INFO - Filling up the DagBag from /opt/airflow/dags/reddit_dag.py
[2024-04-28T12:36:23.936+0000] {processor.py:839} INFO - DAG(s) dict_keys(['etl_reddit_pipeline']) retrieved from /opt/airflow/dags/reddit_dag.py
[2024-04-28T12:36:24.340+0000] {logging_mixin.py:151} INFO - [2024-04-28T12:36:24.339+0000] {dag.py:2941} INFO - Sync 1 DAGs
[2024-04-28T12:36:24.359+0000] {logging_mixin.py:151} INFO - [2024-04-28T12:36:24.359+0000] {dag.py:3722} INFO - Setting next_dagrun for etl_reddit_pipeline to 2024-04-28T00:00:00+00:00, run_after=2024-04-29T00:00:00+00:00
[2024-04-28T12:36:24.370+0000] {processor.py:179} INFO - Processing /opt/airflow/dags/reddit_dag.py took 1.259 seconds
[2024-04-28T12:53:18.571+0000] {processor.py:157} INFO - Started process (PID=587) to work on /opt/airflow/dags/reddit_dag.py
[2024-04-28T12:53:18.572+0000] {processor.py:829} INFO - Processing file /opt/airflow/dags/reddit_dag.py for tasks to queue
[2024-04-28T12:53:18.576+0000] {logging_mixin.py:151} INFO - [2024-04-28T12:53:18.576+0000] {dagbag.py:536} INFO - Filling up the DagBag from /opt/airflow/dags/reddit_dag.py
[2024-04-28T12:53:19.020+0000] {processor.py:839} INFO - DAG(s) dict_keys(['etl_reddit_pipeline']) retrieved from /opt/airflow/dags/reddit_dag.py
[2024-04-28T12:53:19.035+0000] {logging_mixin.py:151} INFO - [2024-04-28T12:53:19.035+0000] {dag.py:2941} INFO - Sync 1 DAGs
[2024-04-28T12:53:19.054+0000] {logging_mixin.py:151} INFO - [2024-04-28T12:53:19.054+0000] {dag.py:3722} INFO - Setting next_dagrun for etl_reddit_pipeline to 2024-04-28T00:00:00+00:00, run_after=2024-04-29T00:00:00+00:00
[2024-04-28T12:53:19.082+0000] {processor.py:179} INFO - Processing /opt/airflow/dags/reddit_dag.py took 0.520 seconds
[2024-04-28T13:02:13.868+0000] {processor.py:157} INFO - Started process (PID=589) to work on /opt/airflow/dags/reddit_dag.py
[2024-04-28T13:02:13.870+0000] {processor.py:829} INFO - Processing file /opt/airflow/dags/reddit_dag.py for tasks to queue
[2024-04-28T13:02:13.877+0000] {logging_mixin.py:151} INFO - [2024-04-28T13:02:13.876+0000] {dagbag.py:536} INFO - Filling up the DagBag from /opt/airflow/dags/reddit_dag.py
[2024-04-28T13:02:14.663+0000] {processor.py:839} INFO - DAG(s) dict_keys(['etl_reddit_pipeline']) retrieved from /opt/airflow/dags/reddit_dag.py
[2024-04-28T13:02:14.698+0000] {logging_mixin.py:151} INFO - [2024-04-28T13:02:14.698+0000] {dag.py:2941} INFO - Sync 1 DAGs
[2024-04-28T13:02:14.727+0000] {logging_mixin.py:151} INFO - [2024-04-28T13:02:14.726+0000] {dag.py:3722} INFO - Setting next_dagrun for etl_reddit_pipeline to 2024-04-28T00:00:00+00:00, run_after=2024-04-29T00:00:00+00:00
[2024-04-28T13:02:14.748+0000] {processor.py:179} INFO - Processing /opt/airflow/dags/reddit_dag.py took 0.893 seconds
[2024-04-28T13:03:02.296+0000] {processor.py:157} INFO - Started process (PID=591) to work on /opt/airflow/dags/reddit_dag.py
[2024-04-28T13:03:02.302+0000] {processor.py:829} INFO - Processing file /opt/airflow/dags/reddit_dag.py for tasks to queue
[2024-04-28T13:03:02.318+0000] {logging_mixin.py:151} INFO - [2024-04-28T13:03:02.317+0000] {dagbag.py:536} INFO - Filling up the DagBag from /opt/airflow/dags/reddit_dag.py
[2024-04-28T13:03:02.661+0000] {processor.py:839} INFO - DAG(s) dict_keys(['etl_reddit_pipeline']) retrieved from /opt/airflow/dags/reddit_dag.py
[2024-04-28T13:03:02.688+0000] {logging_mixin.py:151} INFO - [2024-04-28T13:03:02.687+0000] {dag.py:2941} INFO - Sync 1 DAGs
[2024-04-28T13:03:02.803+0000] {logging_mixin.py:151} INFO - [2024-04-28T13:03:02.803+0000] {dag.py:3722} INFO - Setting next_dagrun for etl_reddit_pipeline to 2024-04-28T00:00:00+00:00, run_after=2024-04-29T00:00:00+00:00
[2024-04-28T13:03:02.810+0000] {processor.py:179} INFO - Processing /opt/airflow/dags/reddit_dag.py took 0.536 seconds
[2024-04-28T13:38:17.719+0000] {processor.py:157} INFO - Started process (PID=593) to work on /opt/airflow/dags/reddit_dag.py
[2024-04-28T13:38:17.721+0000] {processor.py:829} INFO - Processing file /opt/airflow/dags/reddit_dag.py for tasks to queue
[2024-04-28T13:38:17.724+0000] {logging_mixin.py:151} INFO - [2024-04-28T13:38:17.724+0000] {dagbag.py:536} INFO - Filling up the DagBag from /opt/airflow/dags/reddit_dag.py
[2024-04-28T13:38:18.059+0000] {processor.py:839} INFO - DAG(s) dict_keys(['etl_reddit_pipeline']) retrieved from /opt/airflow/dags/reddit_dag.py
[2024-04-28T13:38:18.086+0000] {logging_mixin.py:151} INFO - [2024-04-28T13:38:18.086+0000] {dag.py:2941} INFO - Sync 1 DAGs
[2024-04-28T13:38:18.198+0000] {logging_mixin.py:151} INFO - [2024-04-28T13:38:18.197+0000] {dag.py:3722} INFO - Setting next_dagrun for etl_reddit_pipeline to 2024-04-28T00:00:00+00:00, run_after=2024-04-29T00:00:00+00:00
[2024-04-28T13:38:18.221+0000] {processor.py:179} INFO - Processing /opt/airflow/dags/reddit_dag.py took 0.506 seconds
[2024-04-28T13:56:48.917+0000] {processor.py:157} INFO - Started process (PID=595) to work on /opt/airflow/dags/reddit_dag.py
[2024-04-28T13:56:48.919+0000] {processor.py:829} INFO - Processing file /opt/airflow/dags/reddit_dag.py for tasks to queue
[2024-04-28T13:56:48.925+0000] {logging_mixin.py:151} INFO - [2024-04-28T13:56:48.924+0000] {dagbag.py:536} INFO - Filling up the DagBag from /opt/airflow/dags/reddit_dag.py
[2024-04-28T13:56:50.113+0000] {processor.py:839} INFO - DAG(s) dict_keys(['etl_reddit_pipeline']) retrieved from /opt/airflow/dags/reddit_dag.py
[2024-04-28T13:56:50.266+0000] {logging_mixin.py:151} INFO - [2024-04-28T13:56:50.265+0000] {dag.py:2941} INFO - Sync 1 DAGs
[2024-04-28T13:56:50.278+0000] {logging_mixin.py:151} INFO - [2024-04-28T13:56:50.277+0000] {dag.py:3722} INFO - Setting next_dagrun for etl_reddit_pipeline to 2024-04-28T00:00:00+00:00, run_after=2024-04-29T00:00:00+00:00
[2024-04-28T13:56:50.288+0000] {processor.py:179} INFO - Processing /opt/airflow/dags/reddit_dag.py took 1.380 seconds
[2024-04-28T14:03:04.010+0000] {processor.py:157} INFO - Started process (PID=597) to work on /opt/airflow/dags/reddit_dag.py
[2024-04-28T14:03:04.012+0000] {processor.py:829} INFO - Processing file /opt/airflow/dags/reddit_dag.py for tasks to queue
[2024-04-28T14:03:04.017+0000] {logging_mixin.py:151} INFO - [2024-04-28T14:03:04.017+0000] {dagbag.py:536} INFO - Filling up the DagBag from /opt/airflow/dags/reddit_dag.py
[2024-04-28T14:03:04.825+0000] {processor.py:839} INFO - DAG(s) dict_keys(['etl_reddit_pipeline']) retrieved from /opt/airflow/dags/reddit_dag.py
[2024-04-28T14:03:04.860+0000] {logging_mixin.py:151} INFO - [2024-04-28T14:03:04.859+0000] {dag.py:2941} INFO - Sync 1 DAGs
[2024-04-28T14:03:04.887+0000] {logging_mixin.py:151} INFO - [2024-04-28T14:03:04.887+0000] {dag.py:3722} INFO - Setting next_dagrun for etl_reddit_pipeline to 2024-04-28T00:00:00+00:00, run_after=2024-04-29T00:00:00+00:00
[2024-04-28T14:03:04.909+0000] {processor.py:179} INFO - Processing /opt/airflow/dags/reddit_dag.py took 0.910 seconds
[2024-04-28T15:03:57.387+0000] {processor.py:157} INFO - Started process (PID=599) to work on /opt/airflow/dags/reddit_dag.py
[2024-04-28T15:03:57.389+0000] {processor.py:829} INFO - Processing file /opt/airflow/dags/reddit_dag.py for tasks to queue
[2024-04-28T15:03:57.393+0000] {logging_mixin.py:151} INFO - [2024-04-28T15:03:57.393+0000] {dagbag.py:536} INFO - Filling up the DagBag from /opt/airflow/dags/reddit_dag.py
[2024-04-28T15:03:58.292+0000] {processor.py:839} INFO - DAG(s) dict_keys(['etl_reddit_pipeline']) retrieved from /opt/airflow/dags/reddit_dag.py
[2024-04-28T15:03:58.331+0000] {logging_mixin.py:151} INFO - [2024-04-28T15:03:58.330+0000] {dag.py:2941} INFO - Sync 1 DAGs
[2024-04-28T15:03:58.372+0000] {logging_mixin.py:151} INFO - [2024-04-28T15:03:58.372+0000] {dag.py:3722} INFO - Setting next_dagrun for etl_reddit_pipeline to 2024-04-28T00:00:00+00:00, run_after=2024-04-29T00:00:00+00:00
[2024-04-28T15:03:58.419+0000] {processor.py:179} INFO - Processing /opt/airflow/dags/reddit_dag.py took 1.040 seconds
[2024-04-28T15:04:47.829+0000] {processor.py:157} INFO - Started process (PID=601) to work on /opt/airflow/dags/reddit_dag.py
[2024-04-28T15:04:47.831+0000] {processor.py:829} INFO - Processing file /opt/airflow/dags/reddit_dag.py for tasks to queue
[2024-04-28T15:04:47.838+0000] {logging_mixin.py:151} INFO - [2024-04-28T15:04:47.837+0000] {dagbag.py:536} INFO - Filling up the DagBag from /opt/airflow/dags/reddit_dag.py
[2024-04-28T15:04:48.343+0000] {processor.py:839} INFO - DAG(s) dict_keys(['etl_reddit_pipeline']) retrieved from /opt/airflow/dags/reddit_dag.py
[2024-04-28T15:04:48.357+0000] {logging_mixin.py:151} INFO - [2024-04-28T15:04:48.357+0000] {dag.py:2941} INFO - Sync 1 DAGs
[2024-04-28T15:04:48.367+0000] {logging_mixin.py:151} INFO - [2024-04-28T15:04:48.367+0000] {dag.py:3722} INFO - Setting next_dagrun for etl_reddit_pipeline to 2024-04-28T00:00:00+00:00, run_after=2024-04-29T00:00:00+00:00
[2024-04-28T15:04:48.374+0000] {processor.py:179} INFO - Processing /opt/airflow/dags/reddit_dag.py took 0.569 seconds
[2024-04-28T15:17:56.614+0000] {processor.py:157} INFO - Started process (PID=603) to work on /opt/airflow/dags/reddit_dag.py
[2024-04-28T15:17:56.616+0000] {processor.py:829} INFO - Processing file /opt/airflow/dags/reddit_dag.py for tasks to queue
[2024-04-28T15:17:56.622+0000] {logging_mixin.py:151} INFO - [2024-04-28T15:17:56.621+0000] {dagbag.py:536} INFO - Filling up the DagBag from /opt/airflow/dags/reddit_dag.py
[2024-04-28T15:17:57.252+0000] {processor.py:839} INFO - DAG(s) dict_keys(['etl_reddit_pipeline']) retrieved from /opt/airflow/dags/reddit_dag.py
[2024-04-28T15:17:57.281+0000] {logging_mixin.py:151} INFO - [2024-04-28T15:17:57.280+0000] {dag.py:2941} INFO - Sync 1 DAGs
[2024-04-28T15:17:57.397+0000] {logging_mixin.py:151} INFO - [2024-04-28T15:17:57.397+0000] {dag.py:3722} INFO - Setting next_dagrun for etl_reddit_pipeline to 2024-04-28T00:00:00+00:00, run_after=2024-04-29T00:00:00+00:00
[2024-04-28T15:17:57.405+0000] {processor.py:179} INFO - Processing /opt/airflow/dags/reddit_dag.py took 0.801 seconds
[2024-04-28T15:35:17.090+0000] {processor.py:157} INFO - Started process (PID=605) to work on /opt/airflow/dags/reddit_dag.py
[2024-04-28T15:35:17.097+0000] {processor.py:829} INFO - Processing file /opt/airflow/dags/reddit_dag.py for tasks to queue
[2024-04-28T15:35:17.112+0000] {logging_mixin.py:151} INFO - [2024-04-28T15:35:17.110+0000] {dagbag.py:536} INFO - Filling up the DagBag from /opt/airflow/dags/reddit_dag.py
[2024-04-28T15:35:17.784+0000] {processor.py:839} INFO - DAG(s) dict_keys(['etl_reddit_pipeline']) retrieved from /opt/airflow/dags/reddit_dag.py
[2024-04-28T15:35:18.087+0000] {logging_mixin.py:151} INFO - [2024-04-28T15:35:18.086+0000] {dag.py:2941} INFO - Sync 1 DAGs
[2024-04-28T15:35:18.101+0000] {logging_mixin.py:151} INFO - [2024-04-28T15:35:18.101+0000] {dag.py:3722} INFO - Setting next_dagrun for etl_reddit_pipeline to 2024-04-28T00:00:00+00:00, run_after=2024-04-29T00:00:00+00:00
[2024-04-28T15:35:18.112+0000] {processor.py:179} INFO - Processing /opt/airflow/dags/reddit_dag.py took 1.047 seconds
[2024-04-28T16:55:22.285+0000] {processor.py:157} INFO - Started process (PID=607) to work on /opt/airflow/dags/reddit_dag.py
[2024-04-28T16:55:22.290+0000] {processor.py:829} INFO - Processing file /opt/airflow/dags/reddit_dag.py for tasks to queue
[2024-04-28T16:55:22.305+0000] {logging_mixin.py:151} INFO - [2024-04-28T16:55:22.304+0000] {dagbag.py:536} INFO - Filling up the DagBag from /opt/airflow/dags/reddit_dag.py
[2024-04-28T16:55:23.260+0000] {processor.py:839} INFO - DAG(s) dict_keys(['etl_reddit_pipeline']) retrieved from /opt/airflow/dags/reddit_dag.py
[2024-04-28T16:55:23.301+0000] {logging_mixin.py:151} INFO - [2024-04-28T16:55:23.301+0000] {dag.py:2941} INFO - Sync 1 DAGs
[2024-04-28T16:55:23.318+0000] {logging_mixin.py:151} INFO - [2024-04-28T16:55:23.317+0000] {dag.py:3722} INFO - Setting next_dagrun for etl_reddit_pipeline to 2024-04-28T00:00:00+00:00, run_after=2024-04-29T00:00:00+00:00
[2024-04-28T16:55:23.326+0000] {processor.py:179} INFO - Processing /opt/airflow/dags/reddit_dag.py took 1.057 seconds
[2024-04-28T18:14:07.926+0000] {processor.py:157} INFO - Started process (PID=609) to work on /opt/airflow/dags/reddit_dag.py
[2024-04-28T18:14:07.928+0000] {processor.py:829} INFO - Processing file /opt/airflow/dags/reddit_dag.py for tasks to queue
[2024-04-28T18:14:07.944+0000] {logging_mixin.py:151} INFO - [2024-04-28T18:14:07.942+0000] {dagbag.py:536} INFO - Filling up the DagBag from /opt/airflow/dags/reddit_dag.py
[2024-04-28T18:14:08.716+0000] {processor.py:839} INFO - DAG(s) dict_keys(['etl_reddit_pipeline']) retrieved from /opt/airflow/dags/reddit_dag.py
[2024-04-28T18:14:08.729+0000] {logging_mixin.py:151} INFO - [2024-04-28T18:14:08.729+0000] {dag.py:2941} INFO - Sync 1 DAGs
[2024-04-28T18:14:08.738+0000] {logging_mixin.py:151} INFO - [2024-04-28T18:14:08.738+0000] {dag.py:3722} INFO - Setting next_dagrun for etl_reddit_pipeline to 2024-04-28T00:00:00+00:00, run_after=2024-04-29T00:00:00+00:00
[2024-04-28T18:14:08.746+0000] {processor.py:179} INFO - Processing /opt/airflow/dags/reddit_dag.py took 0.852 seconds
[2024-04-28T19:21:15.292+0000] {processor.py:157} INFO - Started process (PID=611) to work on /opt/airflow/dags/reddit_dag.py
[2024-04-28T19:21:15.294+0000] {processor.py:829} INFO - Processing file /opt/airflow/dags/reddit_dag.py for tasks to queue
[2024-04-28T19:21:15.301+0000] {logging_mixin.py:151} INFO - [2024-04-28T19:21:15.300+0000] {dagbag.py:536} INFO - Filling up the DagBag from /opt/airflow/dags/reddit_dag.py
[2024-04-28T19:21:15.847+0000] {processor.py:839} INFO - DAG(s) dict_keys(['etl_reddit_pipeline']) retrieved from /opt/airflow/dags/reddit_dag.py
[2024-04-28T19:21:15.865+0000] {logging_mixin.py:151} INFO - [2024-04-28T19:21:15.865+0000] {dag.py:2941} INFO - Sync 1 DAGs
[2024-04-28T19:21:15.888+0000] {logging_mixin.py:151} INFO - [2024-04-28T19:21:15.888+0000] {dag.py:3722} INFO - Setting next_dagrun for etl_reddit_pipeline to 2024-04-28T00:00:00+00:00, run_after=2024-04-29T00:00:00+00:00
[2024-04-28T19:21:15.898+0000] {processor.py:179} INFO - Processing /opt/airflow/dags/reddit_dag.py took 0.613 seconds
[2024-04-28T20:28:44.054+0000] {processor.py:157} INFO - Started process (PID=613) to work on /opt/airflow/dags/reddit_dag.py
[2024-04-28T20:28:44.057+0000] {processor.py:829} INFO - Processing file /opt/airflow/dags/reddit_dag.py for tasks to queue
[2024-04-28T20:28:44.066+0000] {logging_mixin.py:151} INFO - [2024-04-28T20:28:44.065+0000] {dagbag.py:536} INFO - Filling up the DagBag from /opt/airflow/dags/reddit_dag.py
[2024-04-28T20:28:45.016+0000] {processor.py:839} INFO - DAG(s) dict_keys(['etl_reddit_pipeline']) retrieved from /opt/airflow/dags/reddit_dag.py
[2024-04-28T20:28:45.136+0000] {logging_mixin.py:151} INFO - [2024-04-28T20:28:45.135+0000] {dag.py:2941} INFO - Sync 1 DAGs
[2024-04-28T20:28:45.553+0000] {logging_mixin.py:151} INFO - [2024-04-28T20:28:45.552+0000] {dag.py:3722} INFO - Setting next_dagrun for etl_reddit_pipeline to 2024-04-28T00:00:00+00:00, run_after=2024-04-29T00:00:00+00:00
[2024-04-28T20:28:45.596+0000] {processor.py:179} INFO - Processing /opt/airflow/dags/reddit_dag.py took 1.558 seconds
[2024-04-28T21:58:33.279+0000] {processor.py:157} INFO - Started process (PID=615) to work on /opt/airflow/dags/reddit_dag.py
[2024-04-28T21:58:33.280+0000] {processor.py:829} INFO - Processing file /opt/airflow/dags/reddit_dag.py for tasks to queue
[2024-04-28T21:58:33.284+0000] {logging_mixin.py:151} INFO - [2024-04-28T21:58:33.284+0000] {dagbag.py:536} INFO - Filling up the DagBag from /opt/airflow/dags/reddit_dag.py
[2024-04-28T21:58:33.924+0000] {processor.py:839} INFO - DAG(s) dict_keys(['etl_reddit_pipeline']) retrieved from /opt/airflow/dags/reddit_dag.py
[2024-04-28T21:58:34.148+0000] {logging_mixin.py:151} INFO - [2024-04-28T21:58:34.147+0000] {dag.py:2941} INFO - Sync 1 DAGs
[2024-04-28T21:58:34.173+0000] {logging_mixin.py:151} INFO - [2024-04-28T21:58:34.172+0000] {dag.py:3722} INFO - Setting next_dagrun for etl_reddit_pipeline to 2024-04-28T00:00:00+00:00, run_after=2024-04-29T00:00:00+00:00
[2024-04-28T21:58:34.190+0000] {processor.py:179} INFO - Processing /opt/airflow/dags/reddit_dag.py took 0.917 seconds
[2024-04-28T22:14:38.682+0000] {processor.py:157} INFO - Started process (PID=617) to work on /opt/airflow/dags/reddit_dag.py
[2024-04-28T22:14:38.685+0000] {processor.py:829} INFO - Processing file /opt/airflow/dags/reddit_dag.py for tasks to queue
[2024-04-28T22:14:38.693+0000] {logging_mixin.py:151} INFO - [2024-04-28T22:14:38.691+0000] {dagbag.py:536} INFO - Filling up the DagBag from /opt/airflow/dags/reddit_dag.py
[2024-04-28T22:14:39.371+0000] {processor.py:839} INFO - DAG(s) dict_keys(['etl_reddit_pipeline']) retrieved from /opt/airflow/dags/reddit_dag.py
[2024-04-28T22:14:39.388+0000] {logging_mixin.py:151} INFO - [2024-04-28T22:14:39.387+0000] {dag.py:2941} INFO - Sync 1 DAGs
[2024-04-28T22:14:39.397+0000] {logging_mixin.py:151} INFO - [2024-04-28T22:14:39.397+0000] {dag.py:3722} INFO - Setting next_dagrun for etl_reddit_pipeline to 2024-04-28T00:00:00+00:00, run_after=2024-04-29T00:00:00+00:00
[2024-04-28T22:14:39.403+0000] {processor.py:179} INFO - Processing /opt/airflow/dags/reddit_dag.py took 0.731 seconds
[2024-04-28T22:32:56.835+0000] {processor.py:157} INFO - Started process (PID=619) to work on /opt/airflow/dags/reddit_dag.py
[2024-04-28T22:32:56.836+0000] {processor.py:829} INFO - Processing file /opt/airflow/dags/reddit_dag.py for tasks to queue
[2024-04-28T22:32:56.841+0000] {logging_mixin.py:151} INFO - [2024-04-28T22:32:56.840+0000] {dagbag.py:536} INFO - Filling up the DagBag from /opt/airflow/dags/reddit_dag.py
[2024-04-28T22:32:57.578+0000] {processor.py:839} INFO - DAG(s) dict_keys(['etl_reddit_pipeline']) retrieved from /opt/airflow/dags/reddit_dag.py
[2024-04-28T22:32:57.616+0000] {logging_mixin.py:151} INFO - [2024-04-28T22:32:57.616+0000] {dag.py:2941} INFO - Sync 1 DAGs
[2024-04-28T22:32:57.656+0000] {logging_mixin.py:151} INFO - [2024-04-28T22:32:57.656+0000] {dag.py:3722} INFO - Setting next_dagrun for etl_reddit_pipeline to 2024-04-28T00:00:00+00:00, run_after=2024-04-29T00:00:00+00:00
[2024-04-28T22:32:57.676+0000] {processor.py:179} INFO - Processing /opt/airflow/dags/reddit_dag.py took 0.856 seconds
[2024-04-28T23:24:50.467+0000] {processor.py:157} INFO - Started process (PID=621) to work on /opt/airflow/dags/reddit_dag.py
[2024-04-28T23:24:50.470+0000] {processor.py:829} INFO - Processing file /opt/airflow/dags/reddit_dag.py for tasks to queue
[2024-04-28T23:24:50.477+0000] {logging_mixin.py:151} INFO - [2024-04-28T23:24:50.476+0000] {dagbag.py:536} INFO - Filling up the DagBag from /opt/airflow/dags/reddit_dag.py
[2024-04-28T23:24:51.465+0000] {processor.py:839} INFO - DAG(s) dict_keys(['etl_reddit_pipeline']) retrieved from /opt/airflow/dags/reddit_dag.py
[2024-04-28T23:24:51.548+0000] {logging_mixin.py:151} INFO - [2024-04-28T23:24:51.547+0000] {dag.py:2941} INFO - Sync 1 DAGs
[2024-04-28T23:24:51.572+0000] {logging_mixin.py:151} INFO - [2024-04-28T23:24:51.572+0000] {dag.py:3722} INFO - Setting next_dagrun for etl_reddit_pipeline to 2024-04-28T00:00:00+00:00, run_after=2024-04-29T00:00:00+00:00
[2024-04-28T23:24:51.588+0000] {processor.py:179} INFO - Processing /opt/airflow/dags/reddit_dag.py took 1.135 seconds
[2024-04-28T23:48:43.777+0000] {processor.py:157} INFO - Started process (PID=623) to work on /opt/airflow/dags/reddit_dag.py
[2024-04-28T23:48:43.779+0000] {processor.py:829} INFO - Processing file /opt/airflow/dags/reddit_dag.py for tasks to queue
[2024-04-28T23:48:43.785+0000] {logging_mixin.py:151} INFO - [2024-04-28T23:48:43.785+0000] {dagbag.py:536} INFO - Filling up the DagBag from /opt/airflow/dags/reddit_dag.py
[2024-04-28T23:48:44.434+0000] {processor.py:839} INFO - DAG(s) dict_keys(['etl_reddit_pipeline']) retrieved from /opt/airflow/dags/reddit_dag.py
[2024-04-28T23:48:44.495+0000] {logging_mixin.py:151} INFO - [2024-04-28T23:48:44.494+0000] {dag.py:2941} INFO - Sync 1 DAGs
[2024-04-28T23:48:44.750+0000] {logging_mixin.py:151} INFO - [2024-04-28T23:48:44.750+0000] {dag.py:3722} INFO - Setting next_dagrun for etl_reddit_pipeline to 2024-04-28T00:00:00+00:00, run_after=2024-04-29T00:00:00+00:00
[2024-04-28T23:48:44.772+0000] {processor.py:179} INFO - Processing /opt/airflow/dags/reddit_dag.py took 1.008 seconds
