[2024-05-01T00:38:37.943+0000] {processor.py:157} INFO - Started process (PID=4015) to work on /opt/airflow/dags/reddit_dag.py
[2024-05-01T00:38:37.946+0000] {processor.py:829} INFO - Processing file /opt/airflow/dags/reddit_dag.py for tasks to queue
[2024-05-01T00:38:37.966+0000] {logging_mixin.py:151} INFO - [2024-05-01T00:38:37.964+0000] {dagbag.py:536} INFO - Filling up the DagBag from /opt/airflow/dags/reddit_dag.py
[2024-05-01T00:38:39.301+0000] {processor.py:839} INFO - DAG(s) dict_keys(['etl_reddit_pipeline']) retrieved from /opt/airflow/dags/reddit_dag.py
[2024-05-01T00:38:39.631+0000] {logging_mixin.py:151} INFO - [2024-05-01T00:38:39.631+0000] {dag.py:2941} INFO - Sync 1 DAGs
[2024-05-01T00:38:39.641+0000] {logging_mixin.py:151} INFO - [2024-05-01T00:38:39.641+0000] {dag.py:3722} INFO - Setting next_dagrun for etl_reddit_pipeline to 2024-04-30T00:00:00+00:00, run_after=2024-05-01T00:00:00+00:00
[2024-05-01T00:38:39.652+0000] {processor.py:179} INFO - Processing /opt/airflow/dags/reddit_dag.py took 1.730 seconds
[2024-05-01T01:13:58.492+0000] {processor.py:157} INFO - Started process (PID=4017) to work on /opt/airflow/dags/reddit_dag.py
[2024-05-01T01:13:58.494+0000] {processor.py:829} INFO - Processing file /opt/airflow/dags/reddit_dag.py for tasks to queue
[2024-05-01T01:13:58.498+0000] {logging_mixin.py:151} INFO - [2024-05-01T01:13:58.497+0000] {dagbag.py:536} INFO - Filling up the DagBag from /opt/airflow/dags/reddit_dag.py
[2024-05-01T01:13:59.619+0000] {processor.py:839} INFO - DAG(s) dict_keys(['etl_reddit_pipeline']) retrieved from /opt/airflow/dags/reddit_dag.py
[2024-05-01T01:13:59.714+0000] {logging_mixin.py:151} INFO - [2024-05-01T01:13:59.713+0000] {dag.py:2941} INFO - Sync 1 DAGs
[2024-05-01T01:13:59.992+0000] {logging_mixin.py:151} INFO - [2024-05-01T01:13:59.992+0000] {dag.py:3722} INFO - Setting next_dagrun for etl_reddit_pipeline to 2024-04-30T00:00:00+00:00, run_after=2024-05-01T00:00:00+00:00
[2024-05-01T01:14:00.004+0000] {processor.py:179} INFO - Processing /opt/airflow/dags/reddit_dag.py took 1.519 seconds
[2024-05-01T02:36:27.973+0000] {processor.py:157} INFO - Started process (PID=4019) to work on /opt/airflow/dags/reddit_dag.py
[2024-05-01T02:36:27.976+0000] {processor.py:829} INFO - Processing file /opt/airflow/dags/reddit_dag.py for tasks to queue
[2024-05-01T02:36:27.987+0000] {logging_mixin.py:151} INFO - [2024-05-01T02:36:27.986+0000] {dagbag.py:536} INFO - Filling up the DagBag from /opt/airflow/dags/reddit_dag.py
[2024-05-01T02:36:28.753+0000] {processor.py:839} INFO - DAG(s) dict_keys(['etl_reddit_pipeline']) retrieved from /opt/airflow/dags/reddit_dag.py
[2024-05-01T02:36:29.601+0000] {logging_mixin.py:151} INFO - [2024-05-01T02:36:29.589+0000] {dag.py:2941} INFO - Sync 1 DAGs
[2024-05-01T02:36:29.634+0000] {logging_mixin.py:151} INFO - [2024-05-01T02:36:29.634+0000] {dag.py:3722} INFO - Setting next_dagrun for etl_reddit_pipeline to 2024-04-30T00:00:00+00:00, run_after=2024-05-01T00:00:00+00:00
[2024-05-01T02:36:29.664+0000] {processor.py:179} INFO - Processing /opt/airflow/dags/reddit_dag.py took 1.705 seconds
[2024-05-01T03:38:25.286+0000] {processor.py:157} INFO - Started process (PID=4021) to work on /opt/airflow/dags/reddit_dag.py
[2024-05-01T03:38:25.287+0000] {processor.py:829} INFO - Processing file /opt/airflow/dags/reddit_dag.py for tasks to queue
[2024-05-01T03:38:25.291+0000] {logging_mixin.py:151} INFO - [2024-05-01T03:38:25.290+0000] {dagbag.py:536} INFO - Filling up the DagBag from /opt/airflow/dags/reddit_dag.py
[2024-05-01T03:38:26.538+0000] {processor.py:839} INFO - DAG(s) dict_keys(['etl_reddit_pipeline']) retrieved from /opt/airflow/dags/reddit_dag.py
[2024-05-01T03:38:26.579+0000] {logging_mixin.py:151} INFO - [2024-05-01T03:38:26.578+0000] {dag.py:2941} INFO - Sync 1 DAGs
[2024-05-01T03:38:26.598+0000] {logging_mixin.py:151} INFO - [2024-05-01T03:38:26.598+0000] {dag.py:3722} INFO - Setting next_dagrun for etl_reddit_pipeline to 2024-04-30T00:00:00+00:00, run_after=2024-05-01T00:00:00+00:00
[2024-05-01T03:38:26.617+0000] {processor.py:179} INFO - Processing /opt/airflow/dags/reddit_dag.py took 1.337 seconds
[2024-05-01T05:20:13.939+0000] {processor.py:157} INFO - Started process (PID=4023) to work on /opt/airflow/dags/reddit_dag.py
[2024-05-01T05:20:13.949+0000] {processor.py:829} INFO - Processing file /opt/airflow/dags/reddit_dag.py for tasks to queue
[2024-05-01T05:20:13.981+0000] {logging_mixin.py:151} INFO - [2024-05-01T05:20:13.980+0000] {dagbag.py:536} INFO - Filling up the DagBag from /opt/airflow/dags/reddit_dag.py
[2024-05-01T05:20:14.642+0000] {processor.py:839} INFO - DAG(s) dict_keys(['etl_reddit_pipeline']) retrieved from /opt/airflow/dags/reddit_dag.py
[2024-05-01T05:20:14.676+0000] {logging_mixin.py:151} INFO - [2024-05-01T05:20:14.676+0000] {dag.py:2941} INFO - Sync 1 DAGs
[2024-05-01T05:20:14.693+0000] {logging_mixin.py:151} INFO - [2024-05-01T05:20:14.693+0000] {dag.py:3722} INFO - Setting next_dagrun for etl_reddit_pipeline to 2024-04-30T00:00:00+00:00, run_after=2024-05-01T00:00:00+00:00
[2024-05-01T05:20:14.702+0000] {processor.py:179} INFO - Processing /opt/airflow/dags/reddit_dag.py took 0.777 seconds
[2024-05-01T06:16:02.873+0000] {processor.py:157} INFO - Started process (PID=4025) to work on /opt/airflow/dags/reddit_dag.py
[2024-05-01T06:16:02.874+0000] {processor.py:829} INFO - Processing file /opt/airflow/dags/reddit_dag.py for tasks to queue
[2024-05-01T06:16:02.880+0000] {logging_mixin.py:151} INFO - [2024-05-01T06:16:02.879+0000] {dagbag.py:536} INFO - Filling up the DagBag from /opt/airflow/dags/reddit_dag.py
[2024-05-01T06:16:03.238+0000] {processor.py:839} INFO - DAG(s) dict_keys(['etl_reddit_pipeline']) retrieved from /opt/airflow/dags/reddit_dag.py
[2024-05-01T06:16:03.256+0000] {logging_mixin.py:151} INFO - [2024-05-01T06:16:03.256+0000] {dag.py:2941} INFO - Sync 1 DAGs
[2024-05-01T06:16:03.455+0000] {logging_mixin.py:151} INFO - [2024-05-01T06:16:03.455+0000] {dag.py:3722} INFO - Setting next_dagrun for etl_reddit_pipeline to 2024-04-30T00:00:00+00:00, run_after=2024-05-01T00:00:00+00:00
[2024-05-01T06:16:03.488+0000] {processor.py:179} INFO - Processing /opt/airflow/dags/reddit_dag.py took 0.626 seconds
[2024-05-01T07:57:28.876+0000] {processor.py:157} INFO - Started process (PID=4027) to work on /opt/airflow/dags/reddit_dag.py
[2024-05-01T07:57:28.880+0000] {processor.py:829} INFO - Processing file /opt/airflow/dags/reddit_dag.py for tasks to queue
[2024-05-01T07:57:28.886+0000] {logging_mixin.py:151} INFO - [2024-05-01T07:57:28.886+0000] {dagbag.py:536} INFO - Filling up the DagBag from /opt/airflow/dags/reddit_dag.py
[2024-05-01T07:57:30.038+0000] {processor.py:839} INFO - DAG(s) dict_keys(['etl_reddit_pipeline']) retrieved from /opt/airflow/dags/reddit_dag.py
[2024-05-01T07:57:30.068+0000] {logging_mixin.py:151} INFO - [2024-05-01T07:57:30.068+0000] {dag.py:2941} INFO - Sync 1 DAGs
[2024-05-01T07:57:30.355+0000] {logging_mixin.py:151} INFO - [2024-05-01T07:57:30.355+0000] {dag.py:3722} INFO - Setting next_dagrun for etl_reddit_pipeline to 2024-04-30T00:00:00+00:00, run_after=2024-05-01T00:00:00+00:00
[2024-05-01T07:57:30.364+0000] {processor.py:179} INFO - Processing /opt/airflow/dags/reddit_dag.py took 1.518 seconds
[2024-05-01T08:46:16.980+0000] {processor.py:157} INFO - Started process (PID=4029) to work on /opt/airflow/dags/reddit_dag.py
[2024-05-01T08:46:16.982+0000] {processor.py:829} INFO - Processing file /opt/airflow/dags/reddit_dag.py for tasks to queue
[2024-05-01T08:46:16.987+0000] {logging_mixin.py:151} INFO - [2024-05-01T08:46:16.986+0000] {dagbag.py:536} INFO - Filling up the DagBag from /opt/airflow/dags/reddit_dag.py
[2024-05-01T08:46:17.366+0000] {processor.py:839} INFO - DAG(s) dict_keys(['etl_reddit_pipeline']) retrieved from /opt/airflow/dags/reddit_dag.py
[2024-05-01T08:46:17.386+0000] {logging_mixin.py:151} INFO - [2024-05-01T08:46:17.385+0000] {dag.py:2941} INFO - Sync 1 DAGs
[2024-05-01T08:46:17.400+0000] {logging_mixin.py:151} INFO - [2024-05-01T08:46:17.400+0000] {dag.py:3722} INFO - Setting next_dagrun for etl_reddit_pipeline to 2024-04-30T00:00:00+00:00, run_after=2024-05-01T00:00:00+00:00
[2024-05-01T08:46:17.408+0000] {processor.py:179} INFO - Processing /opt/airflow/dags/reddit_dag.py took 0.434 seconds
[2024-05-01T09:03:35.191+0000] {processor.py:157} INFO - Started process (PID=4031) to work on /opt/airflow/dags/reddit_dag.py
[2024-05-01T09:03:35.196+0000] {processor.py:829} INFO - Processing file /opt/airflow/dags/reddit_dag.py for tasks to queue
[2024-05-01T09:03:35.208+0000] {logging_mixin.py:151} INFO - [2024-05-01T09:03:35.205+0000] {dagbag.py:536} INFO - Filling up the DagBag from /opt/airflow/dags/reddit_dag.py
[2024-05-01T09:03:36.209+0000] {processor.py:839} INFO - DAG(s) dict_keys(['etl_reddit_pipeline']) retrieved from /opt/airflow/dags/reddit_dag.py
[2024-05-01T09:03:36.252+0000] {logging_mixin.py:151} INFO - [2024-05-01T09:03:36.251+0000] {dag.py:2941} INFO - Sync 1 DAGs
[2024-05-01T09:03:36.270+0000] {logging_mixin.py:151} INFO - [2024-05-01T09:03:36.270+0000] {dag.py:3722} INFO - Setting next_dagrun for etl_reddit_pipeline to 2024-04-30T00:00:00+00:00, run_after=2024-05-01T00:00:00+00:00
[2024-05-01T09:03:36.283+0000] {processor.py:179} INFO - Processing /opt/airflow/dags/reddit_dag.py took 1.119 seconds
[2024-05-01T09:04:46.328+0000] {processor.py:157} INFO - Started process (PID=4033) to work on /opt/airflow/dags/reddit_dag.py
[2024-05-01T09:04:46.335+0000] {processor.py:829} INFO - Processing file /opt/airflow/dags/reddit_dag.py for tasks to queue
[2024-05-01T09:04:46.339+0000] {logging_mixin.py:151} INFO - [2024-05-01T09:04:46.339+0000] {dagbag.py:536} INFO - Filling up the DagBag from /opt/airflow/dags/reddit_dag.py
[2024-05-01T09:04:46.714+0000] {processor.py:839} INFO - DAG(s) dict_keys(['etl_reddit_pipeline']) retrieved from /opt/airflow/dags/reddit_dag.py
[2024-05-01T09:04:46.748+0000] {logging_mixin.py:151} INFO - [2024-05-01T09:04:46.747+0000] {dag.py:2941} INFO - Sync 1 DAGs
[2024-05-01T09:04:46.763+0000] {logging_mixin.py:151} INFO - [2024-05-01T09:04:46.763+0000] {dag.py:3722} INFO - Setting next_dagrun for etl_reddit_pipeline to 2024-04-30T00:00:00+00:00, run_after=2024-05-01T00:00:00+00:00
[2024-05-01T09:04:46.773+0000] {processor.py:179} INFO - Processing /opt/airflow/dags/reddit_dag.py took 0.458 seconds
[2024-05-01T09:06:56.134+0000] {processor.py:157} INFO - Started process (PID=4035) to work on /opt/airflow/dags/reddit_dag.py
[2024-05-01T09:06:56.140+0000] {processor.py:829} INFO - Processing file /opt/airflow/dags/reddit_dag.py for tasks to queue
[2024-05-01T09:06:56.149+0000] {logging_mixin.py:151} INFO - [2024-05-01T09:06:56.149+0000] {dagbag.py:536} INFO - Filling up the DagBag from /opt/airflow/dags/reddit_dag.py
[2024-05-01T09:06:56.870+0000] {processor.py:839} INFO - DAG(s) dict_keys(['etl_reddit_pipeline']) retrieved from /opt/airflow/dags/reddit_dag.py
[2024-05-01T09:06:56.981+0000] {logging_mixin.py:151} INFO - [2024-05-01T09:06:56.980+0000] {dag.py:2941} INFO - Sync 1 DAGs
[2024-05-01T09:06:58.117+0000] {logging_mixin.py:151} INFO - [2024-05-01T09:06:58.116+0000] {dag.py:3722} INFO - Setting next_dagrun for etl_reddit_pipeline to 2024-04-30T00:00:00+00:00, run_after=2024-05-01T00:00:00+00:00
[2024-05-01T09:06:58.134+0000] {processor.py:179} INFO - Processing /opt/airflow/dags/reddit_dag.py took 2.014 seconds
[2024-05-01T09:09:05.341+0000] {processor.py:157} INFO - Started process (PID=4037) to work on /opt/airflow/dags/reddit_dag.py
[2024-05-01T09:09:05.343+0000] {processor.py:829} INFO - Processing file /opt/airflow/dags/reddit_dag.py for tasks to queue
[2024-05-01T09:09:05.356+0000] {logging_mixin.py:151} INFO - [2024-05-01T09:09:05.354+0000] {dagbag.py:536} INFO - Filling up the DagBag from /opt/airflow/dags/reddit_dag.py
[2024-05-01T09:09:05.761+0000] {processor.py:839} INFO - DAG(s) dict_keys(['etl_reddit_pipeline']) retrieved from /opt/airflow/dags/reddit_dag.py
[2024-05-01T09:09:05.783+0000] {logging_mixin.py:151} INFO - [2024-05-01T09:09:05.783+0000] {dag.py:2941} INFO - Sync 1 DAGs
[2024-05-01T09:09:06.047+0000] {logging_mixin.py:151} INFO - [2024-05-01T09:09:06.046+0000] {dag.py:3722} INFO - Setting next_dagrun for etl_reddit_pipeline to 2024-04-30T00:00:00+00:00, run_after=2024-05-01T00:00:00+00:00
[2024-05-01T09:09:06.079+0000] {processor.py:179} INFO - Processing /opt/airflow/dags/reddit_dag.py took 0.748 seconds
[2024-05-01T09:58:48.977+0000] {processor.py:157} INFO - Started process (PID=4039) to work on /opt/airflow/dags/reddit_dag.py
[2024-05-01T09:58:48.980+0000] {processor.py:829} INFO - Processing file /opt/airflow/dags/reddit_dag.py for tasks to queue
[2024-05-01T09:58:48.999+0000] {logging_mixin.py:151} INFO - [2024-05-01T09:58:48.997+0000] {dagbag.py:536} INFO - Filling up the DagBag from /opt/airflow/dags/reddit_dag.py
[2024-05-01T09:58:49.884+0000] {processor.py:839} INFO - DAG(s) dict_keys(['etl_reddit_pipeline']) retrieved from /opt/airflow/dags/reddit_dag.py
[2024-05-01T09:58:49.910+0000] {logging_mixin.py:151} INFO - [2024-05-01T09:58:49.910+0000] {dag.py:2941} INFO - Sync 1 DAGs
[2024-05-01T09:58:49.924+0000] {logging_mixin.py:151} INFO - [2024-05-01T09:58:49.924+0000] {dag.py:3722} INFO - Setting next_dagrun for etl_reddit_pipeline to 2024-04-30T00:00:00+00:00, run_after=2024-05-01T00:00:00+00:00
[2024-05-01T09:58:49.938+0000] {processor.py:179} INFO - Processing /opt/airflow/dags/reddit_dag.py took 0.978 seconds
[2024-05-01T10:42:19.643+0000] {processor.py:157} INFO - Started process (PID=4041) to work on /opt/airflow/dags/reddit_dag.py
[2024-05-01T10:42:19.644+0000] {processor.py:829} INFO - Processing file /opt/airflow/dags/reddit_dag.py for tasks to queue
[2024-05-01T10:42:19.648+0000] {logging_mixin.py:151} INFO - [2024-05-01T10:42:19.648+0000] {dagbag.py:536} INFO - Filling up the DagBag from /opt/airflow/dags/reddit_dag.py
[2024-05-01T10:42:20.006+0000] {processor.py:839} INFO - DAG(s) dict_keys(['etl_reddit_pipeline']) retrieved from /opt/airflow/dags/reddit_dag.py
[2024-05-01T10:42:20.027+0000] {logging_mixin.py:151} INFO - [2024-05-01T10:42:20.027+0000] {dag.py:2941} INFO - Sync 1 DAGs
[2024-05-01T10:42:20.041+0000] {logging_mixin.py:151} INFO - [2024-05-01T10:42:20.041+0000] {dag.py:3722} INFO - Setting next_dagrun for etl_reddit_pipeline to 2024-04-30T00:00:00+00:00, run_after=2024-05-01T00:00:00+00:00
[2024-05-01T10:42:20.050+0000] {processor.py:179} INFO - Processing /opt/airflow/dags/reddit_dag.py took 0.413 seconds
[2024-05-01T11:03:46.084+0000] {processor.py:157} INFO - Started process (PID=4043) to work on /opt/airflow/dags/reddit_dag.py
[2024-05-01T11:03:46.086+0000] {processor.py:829} INFO - Processing file /opt/airflow/dags/reddit_dag.py for tasks to queue
[2024-05-01T11:03:46.094+0000] {logging_mixin.py:151} INFO - [2024-05-01T11:03:46.092+0000] {dagbag.py:536} INFO - Filling up the DagBag from /opt/airflow/dags/reddit_dag.py
[2024-05-01T11:03:47.005+0000] {processor.py:839} INFO - DAG(s) dict_keys(['etl_reddit_pipeline']) retrieved from /opt/airflow/dags/reddit_dag.py
[2024-05-01T11:03:47.046+0000] {logging_mixin.py:151} INFO - [2024-05-01T11:03:47.046+0000] {dag.py:2941} INFO - Sync 1 DAGs
[2024-05-01T11:03:47.066+0000] {logging_mixin.py:151} INFO - [2024-05-01T11:03:47.066+0000] {dag.py:3722} INFO - Setting next_dagrun for etl_reddit_pipeline to 2024-04-30T00:00:00+00:00, run_after=2024-05-01T00:00:00+00:00
[2024-05-01T11:03:47.078+0000] {processor.py:179} INFO - Processing /opt/airflow/dags/reddit_dag.py took 1.015 seconds
[2024-05-01T11:20:47.310+0000] {processor.py:157} INFO - Started process (PID=4045) to work on /opt/airflow/dags/reddit_dag.py
[2024-05-01T11:20:47.312+0000] {processor.py:829} INFO - Processing file /opt/airflow/dags/reddit_dag.py for tasks to queue
[2024-05-01T11:20:47.321+0000] {logging_mixin.py:151} INFO - [2024-05-01T11:20:47.320+0000] {dagbag.py:536} INFO - Filling up the DagBag from /opt/airflow/dags/reddit_dag.py
[2024-05-01T11:20:48.247+0000] {processor.py:839} INFO - DAG(s) dict_keys(['etl_reddit_pipeline']) retrieved from /opt/airflow/dags/reddit_dag.py
[2024-05-01T11:20:48.305+0000] {logging_mixin.py:151} INFO - [2024-05-01T11:20:48.304+0000] {dag.py:2941} INFO - Sync 1 DAGs
[2024-05-01T11:20:48.510+0000] {logging_mixin.py:151} INFO - [2024-05-01T11:20:48.510+0000] {dag.py:3722} INFO - Setting next_dagrun for etl_reddit_pipeline to 2024-04-30T00:00:00+00:00, run_after=2024-05-01T00:00:00+00:00
[2024-05-01T11:20:48.523+0000] {processor.py:179} INFO - Processing /opt/airflow/dags/reddit_dag.py took 1.232 seconds
[2024-05-01T11:36:22.034+0000] {processor.py:157} INFO - Started process (PID=4047) to work on /opt/airflow/dags/reddit_dag.py
[2024-05-01T11:36:22.036+0000] {processor.py:829} INFO - Processing file /opt/airflow/dags/reddit_dag.py for tasks to queue
[2024-05-01T11:36:22.040+0000] {logging_mixin.py:151} INFO - [2024-05-01T11:36:22.040+0000] {dagbag.py:536} INFO - Filling up the DagBag from /opt/airflow/dags/reddit_dag.py
[2024-05-01T11:36:22.457+0000] {processor.py:839} INFO - DAG(s) dict_keys(['etl_reddit_pipeline']) retrieved from /opt/airflow/dags/reddit_dag.py
[2024-05-01T11:36:22.481+0000] {logging_mixin.py:151} INFO - [2024-05-01T11:36:22.480+0000] {dag.py:2941} INFO - Sync 1 DAGs
[2024-05-01T11:36:22.624+0000] {logging_mixin.py:151} INFO - [2024-05-01T11:36:22.623+0000] {dag.py:3722} INFO - Setting next_dagrun for etl_reddit_pipeline to 2024-04-30T00:00:00+00:00, run_after=2024-05-01T00:00:00+00:00
[2024-05-01T11:36:22.631+0000] {processor.py:179} INFO - Processing /opt/airflow/dags/reddit_dag.py took 0.611 seconds
[2024-05-01T12:10:00.492+0000] {processor.py:157} INFO - Started process (PID=4049) to work on /opt/airflow/dags/reddit_dag.py
[2024-05-01T12:10:00.494+0000] {processor.py:829} INFO - Processing file /opt/airflow/dags/reddit_dag.py for tasks to queue
[2024-05-01T12:10:00.501+0000] {logging_mixin.py:151} INFO - [2024-05-01T12:10:00.500+0000] {dagbag.py:536} INFO - Filling up the DagBag from /opt/airflow/dags/reddit_dag.py
[2024-05-01T12:10:01.625+0000] {processor.py:839} INFO - DAG(s) dict_keys(['etl_reddit_pipeline']) retrieved from /opt/airflow/dags/reddit_dag.py
[2024-05-01T12:10:01.696+0000] {logging_mixin.py:151} INFO - [2024-05-01T12:10:01.695+0000] {dag.py:2941} INFO - Sync 1 DAGs
[2024-05-01T12:10:01.721+0000] {logging_mixin.py:151} INFO - [2024-05-01T12:10:01.721+0000] {dag.py:3722} INFO - Setting next_dagrun for etl_reddit_pipeline to 2024-04-30T00:00:00+00:00, run_after=2024-05-01T00:00:00+00:00
[2024-05-01T12:10:01.732+0000] {processor.py:179} INFO - Processing /opt/airflow/dags/reddit_dag.py took 1.246 seconds
[2024-05-01T12:26:48.388+0000] {processor.py:157} INFO - Started process (PID=4051) to work on /opt/airflow/dags/reddit_dag.py
[2024-05-01T12:26:48.390+0000] {processor.py:829} INFO - Processing file /opt/airflow/dags/reddit_dag.py for tasks to queue
[2024-05-01T12:26:48.396+0000] {logging_mixin.py:151} INFO - [2024-05-01T12:26:48.395+0000] {dagbag.py:536} INFO - Filling up the DagBag from /opt/airflow/dags/reddit_dag.py
[2024-05-01T12:26:49.402+0000] {processor.py:839} INFO - DAG(s) dict_keys(['etl_reddit_pipeline']) retrieved from /opt/airflow/dags/reddit_dag.py
[2024-05-01T12:26:49.436+0000] {logging_mixin.py:151} INFO - [2024-05-01T12:26:49.436+0000] {dag.py:2941} INFO - Sync 1 DAGs
[2024-05-01T12:26:49.462+0000] {logging_mixin.py:151} INFO - [2024-05-01T12:26:49.461+0000] {dag.py:3722} INFO - Setting next_dagrun for etl_reddit_pipeline to 2024-04-30T00:00:00+00:00, run_after=2024-05-01T00:00:00+00:00
[2024-05-01T12:26:49.473+0000] {processor.py:179} INFO - Processing /opt/airflow/dags/reddit_dag.py took 1.097 seconds
[2024-05-01T12:27:24.531+0000] {processor.py:157} INFO - Started process (PID=4053) to work on /opt/airflow/dags/reddit_dag.py
[2024-05-01T12:27:24.533+0000] {processor.py:829} INFO - Processing file /opt/airflow/dags/reddit_dag.py for tasks to queue
[2024-05-01T12:27:24.538+0000] {logging_mixin.py:151} INFO - [2024-05-01T12:27:24.537+0000] {dagbag.py:536} INFO - Filling up the DagBag from /opt/airflow/dags/reddit_dag.py
[2024-05-01T12:27:24.983+0000] {processor.py:839} INFO - DAG(s) dict_keys(['etl_reddit_pipeline']) retrieved from /opt/airflow/dags/reddit_dag.py
[2024-05-01T12:27:25.013+0000] {logging_mixin.py:151} INFO - [2024-05-01T12:27:25.012+0000] {dag.py:2941} INFO - Sync 1 DAGs
[2024-05-01T12:27:25.027+0000] {logging_mixin.py:151} INFO - [2024-05-01T12:27:25.027+0000] {dag.py:3722} INFO - Setting next_dagrun for etl_reddit_pipeline to 2024-04-30T00:00:00+00:00, run_after=2024-05-01T00:00:00+00:00
[2024-05-01T12:27:25.036+0000] {processor.py:179} INFO - Processing /opt/airflow/dags/reddit_dag.py took 0.514 seconds
[2024-05-01T12:28:01.211+0000] {processor.py:157} INFO - Started process (PID=4055) to work on /opt/airflow/dags/reddit_dag.py
[2024-05-01T12:28:01.214+0000] {processor.py:829} INFO - Processing file /opt/airflow/dags/reddit_dag.py for tasks to queue
[2024-05-01T12:28:01.220+0000] {logging_mixin.py:151} INFO - [2024-05-01T12:28:01.219+0000] {dagbag.py:536} INFO - Filling up the DagBag from /opt/airflow/dags/reddit_dag.py
[2024-05-01T12:28:01.556+0000] {processor.py:839} INFO - DAG(s) dict_keys(['etl_reddit_pipeline']) retrieved from /opt/airflow/dags/reddit_dag.py
[2024-05-01T12:28:01.576+0000] {logging_mixin.py:151} INFO - [2024-05-01T12:28:01.576+0000] {dag.py:2941} INFO - Sync 1 DAGs
[2024-05-01T12:28:01.591+0000] {logging_mixin.py:151} INFO - [2024-05-01T12:28:01.591+0000] {dag.py:3722} INFO - Setting next_dagrun for etl_reddit_pipeline to 2024-04-30T00:00:00+00:00, run_after=2024-05-01T00:00:00+00:00
[2024-05-01T12:28:01.730+0000] {processor.py:179} INFO - Processing /opt/airflow/dags/reddit_dag.py took 0.550 seconds
[2024-05-01T13:19:14.110+0000] {processor.py:157} INFO - Started process (PID=4057) to work on /opt/airflow/dags/reddit_dag.py
[2024-05-01T13:19:14.112+0000] {processor.py:829} INFO - Processing file /opt/airflow/dags/reddit_dag.py for tasks to queue
[2024-05-01T13:19:14.126+0000] {logging_mixin.py:151} INFO - [2024-05-01T13:19:14.124+0000] {dagbag.py:536} INFO - Filling up the DagBag from /opt/airflow/dags/reddit_dag.py
[2024-05-01T13:19:14.848+0000] {processor.py:839} INFO - DAG(s) dict_keys(['etl_reddit_pipeline']) retrieved from /opt/airflow/dags/reddit_dag.py
[2024-05-01T13:19:14.993+0000] {logging_mixin.py:151} INFO - [2024-05-01T13:19:14.991+0000] {dag.py:2941} INFO - Sync 1 DAGs
[2024-05-01T13:19:15.639+0000] {logging_mixin.py:151} INFO - [2024-05-01T13:19:15.639+0000] {dag.py:3722} INFO - Setting next_dagrun for etl_reddit_pipeline to 2024-04-30T00:00:00+00:00, run_after=2024-05-01T00:00:00+00:00
[2024-05-01T13:19:15.651+0000] {processor.py:179} INFO - Processing /opt/airflow/dags/reddit_dag.py took 1.790 seconds
[2024-05-01T14:12:26.926+0000] {processor.py:157} INFO - Started process (PID=4059) to work on /opt/airflow/dags/reddit_dag.py
[2024-05-01T14:12:26.928+0000] {processor.py:829} INFO - Processing file /opt/airflow/dags/reddit_dag.py for tasks to queue
[2024-05-01T14:12:26.946+0000] {logging_mixin.py:151} INFO - [2024-05-01T14:12:26.944+0000] {dagbag.py:536} INFO - Filling up the DagBag from /opt/airflow/dags/reddit_dag.py
[2024-05-01T14:12:27.994+0000] {processor.py:839} INFO - DAG(s) dict_keys(['etl_reddit_pipeline']) retrieved from /opt/airflow/dags/reddit_dag.py
[2024-05-01T14:12:28.021+0000] {logging_mixin.py:151} INFO - [2024-05-01T14:12:28.021+0000] {dag.py:2941} INFO - Sync 1 DAGs
[2024-05-01T14:12:28.781+0000] {logging_mixin.py:151} INFO - [2024-05-01T14:12:28.781+0000] {dag.py:3722} INFO - Setting next_dagrun for etl_reddit_pipeline to 2024-04-30T00:00:00+00:00, run_after=2024-05-01T00:00:00+00:00
[2024-05-01T14:12:28.794+0000] {processor.py:179} INFO - Processing /opt/airflow/dags/reddit_dag.py took 1.883 seconds
[2024-05-01T15:21:26.940+0000] {processor.py:157} INFO - Started process (PID=4061) to work on /opt/airflow/dags/reddit_dag.py
[2024-05-01T15:21:26.942+0000] {processor.py:829} INFO - Processing file /opt/airflow/dags/reddit_dag.py for tasks to queue
[2024-05-01T15:21:26.945+0000] {logging_mixin.py:151} INFO - [2024-05-01T15:21:26.945+0000] {dagbag.py:536} INFO - Filling up the DagBag from /opt/airflow/dags/reddit_dag.py
[2024-05-01T15:21:27.783+0000] {processor.py:839} INFO - DAG(s) dict_keys(['etl_reddit_pipeline']) retrieved from /opt/airflow/dags/reddit_dag.py
[2024-05-01T15:21:27.909+0000] {logging_mixin.py:151} INFO - [2024-05-01T15:21:27.906+0000] {dag.py:2941} INFO - Sync 1 DAGs
[2024-05-01T15:21:27.961+0000] {logging_mixin.py:151} INFO - [2024-05-01T15:21:27.960+0000] {dag.py:3722} INFO - Setting next_dagrun for etl_reddit_pipeline to 2024-04-30T00:00:00+00:00, run_after=2024-05-01T00:00:00+00:00
[2024-05-01T15:21:28.004+0000] {processor.py:179} INFO - Processing /opt/airflow/dags/reddit_dag.py took 1.068 seconds
[2024-05-01T15:37:13.044+0000] {processor.py:157} INFO - Started process (PID=4063) to work on /opt/airflow/dags/reddit_dag.py
[2024-05-01T15:37:13.045+0000] {processor.py:829} INFO - Processing file /opt/airflow/dags/reddit_dag.py for tasks to queue
[2024-05-01T15:37:13.057+0000] {logging_mixin.py:151} INFO - [2024-05-01T15:37:13.055+0000] {dagbag.py:536} INFO - Filling up the DagBag from /opt/airflow/dags/reddit_dag.py
[2024-05-01T15:37:14.050+0000] {processor.py:839} INFO - DAG(s) dict_keys(['etl_reddit_pipeline']) retrieved from /opt/airflow/dags/reddit_dag.py
[2024-05-01T15:37:14.179+0000] {logging_mixin.py:151} INFO - [2024-05-01T15:37:14.177+0000] {dag.py:2941} INFO - Sync 1 DAGs
[2024-05-01T15:37:14.210+0000] {logging_mixin.py:151} INFO - [2024-05-01T15:37:14.210+0000] {dag.py:3722} INFO - Setting next_dagrun for etl_reddit_pipeline to 2024-04-30T00:00:00+00:00, run_after=2024-05-01T00:00:00+00:00
[2024-05-01T15:37:14.222+0000] {processor.py:179} INFO - Processing /opt/airflow/dags/reddit_dag.py took 1.184 seconds
[2024-05-01T15:54:46.242+0000] {processor.py:157} INFO - Started process (PID=4065) to work on /opt/airflow/dags/reddit_dag.py
[2024-05-01T15:54:46.244+0000] {processor.py:829} INFO - Processing file /opt/airflow/dags/reddit_dag.py for tasks to queue
[2024-05-01T15:54:46.249+0000] {logging_mixin.py:151} INFO - [2024-05-01T15:54:46.248+0000] {dagbag.py:536} INFO - Filling up the DagBag from /opt/airflow/dags/reddit_dag.py
[2024-05-01T15:54:47.162+0000] {processor.py:839} INFO - DAG(s) dict_keys(['etl_reddit_pipeline']) retrieved from /opt/airflow/dags/reddit_dag.py
[2024-05-01T15:54:47.369+0000] {logging_mixin.py:151} INFO - [2024-05-01T15:54:47.363+0000] {dag.py:2941} INFO - Sync 1 DAGs
[2024-05-01T15:54:47.458+0000] {logging_mixin.py:151} INFO - [2024-05-01T15:54:47.457+0000] {dag.py:3722} INFO - Setting next_dagrun for etl_reddit_pipeline to 2024-04-30T00:00:00+00:00, run_after=2024-05-01T00:00:00+00:00
[2024-05-01T15:54:47.689+0000] {processor.py:179} INFO - Processing /opt/airflow/dags/reddit_dag.py took 1.452 seconds
[2024-05-01T16:08:36.728+0000] {processor.py:157} INFO - Started process (PID=4067) to work on /opt/airflow/dags/reddit_dag.py
[2024-05-01T16:08:36.730+0000] {processor.py:829} INFO - Processing file /opt/airflow/dags/reddit_dag.py for tasks to queue
[2024-05-01T16:08:36.736+0000] {logging_mixin.py:151} INFO - [2024-05-01T16:08:36.735+0000] {dagbag.py:536} INFO - Filling up the DagBag from /opt/airflow/dags/reddit_dag.py
[2024-05-01T16:08:37.658+0000] {processor.py:839} INFO - DAG(s) dict_keys(['etl_reddit_pipeline']) retrieved from /opt/airflow/dags/reddit_dag.py
[2024-05-01T16:08:37.693+0000] {logging_mixin.py:151} INFO - [2024-05-01T16:08:37.693+0000] {dag.py:2941} INFO - Sync 1 DAGs
[2024-05-01T16:08:37.890+0000] {logging_mixin.py:151} INFO - [2024-05-01T16:08:37.890+0000] {dag.py:3722} INFO - Setting next_dagrun for etl_reddit_pipeline to 2024-04-30T00:00:00+00:00, run_after=2024-05-01T00:00:00+00:00
[2024-05-01T16:08:37.897+0000] {processor.py:179} INFO - Processing /opt/airflow/dags/reddit_dag.py took 1.178 seconds
[2024-05-01T16:09:42.473+0000] {processor.py:157} INFO - Started process (PID=4069) to work on /opt/airflow/dags/reddit_dag.py
[2024-05-01T16:09:42.475+0000] {processor.py:829} INFO - Processing file /opt/airflow/dags/reddit_dag.py for tasks to queue
[2024-05-01T16:09:42.479+0000] {logging_mixin.py:151} INFO - [2024-05-01T16:09:42.478+0000] {dagbag.py:536} INFO - Filling up the DagBag from /opt/airflow/dags/reddit_dag.py
[2024-05-01T16:09:42.840+0000] {processor.py:839} INFO - DAG(s) dict_keys(['etl_reddit_pipeline']) retrieved from /opt/airflow/dags/reddit_dag.py
[2024-05-01T16:09:42.861+0000] {logging_mixin.py:151} INFO - [2024-05-01T16:09:42.861+0000] {dag.py:2941} INFO - Sync 1 DAGs
[2024-05-01T16:09:42.991+0000] {logging_mixin.py:151} INFO - [2024-05-01T16:09:42.991+0000] {dag.py:3722} INFO - Setting next_dagrun for etl_reddit_pipeline to 2024-04-30T00:00:00+00:00, run_after=2024-05-01T00:00:00+00:00
[2024-05-01T16:09:42.999+0000] {processor.py:179} INFO - Processing /opt/airflow/dags/reddit_dag.py took 0.532 seconds
[2024-05-01T16:43:39.710+0000] {processor.py:157} INFO - Started process (PID=4071) to work on /opt/airflow/dags/reddit_dag.py
[2024-05-01T16:43:39.711+0000] {processor.py:829} INFO - Processing file /opt/airflow/dags/reddit_dag.py for tasks to queue
[2024-05-01T16:43:39.715+0000] {logging_mixin.py:151} INFO - [2024-05-01T16:43:39.714+0000] {dagbag.py:536} INFO - Filling up the DagBag from /opt/airflow/dags/reddit_dag.py
[2024-05-01T16:43:40.892+0000] {processor.py:839} INFO - DAG(s) dict_keys(['etl_reddit_pipeline']) retrieved from /opt/airflow/dags/reddit_dag.py
[2024-05-01T16:43:40.945+0000] {logging_mixin.py:151} INFO - [2024-05-01T16:43:40.945+0000] {dag.py:2941} INFO - Sync 1 DAGs
[2024-05-01T16:43:40.971+0000] {logging_mixin.py:151} INFO - [2024-05-01T16:43:40.971+0000] {dag.py:3722} INFO - Setting next_dagrun for etl_reddit_pipeline to 2024-04-30T00:00:00+00:00, run_after=2024-05-01T00:00:00+00:00
[2024-05-01T16:43:40.982+0000] {processor.py:179} INFO - Processing /opt/airflow/dags/reddit_dag.py took 1.278 seconds
[2024-05-01T17:01:01.583+0000] {processor.py:157} INFO - Started process (PID=4073) to work on /opt/airflow/dags/reddit_dag.py
[2024-05-01T17:01:01.588+0000] {processor.py:829} INFO - Processing file /opt/airflow/dags/reddit_dag.py for tasks to queue
[2024-05-01T17:01:01.595+0000] {logging_mixin.py:151} INFO - [2024-05-01T17:01:01.594+0000] {dagbag.py:536} INFO - Filling up the DagBag from /opt/airflow/dags/reddit_dag.py
[2024-05-01T17:01:02.247+0000] {processor.py:839} INFO - DAG(s) dict_keys(['etl_reddit_pipeline']) retrieved from /opt/airflow/dags/reddit_dag.py
[2024-05-01T17:01:02.281+0000] {logging_mixin.py:151} INFO - [2024-05-01T17:01:02.280+0000] {dag.py:2941} INFO - Sync 1 DAGs
[2024-05-01T17:01:02.300+0000] {logging_mixin.py:151} INFO - [2024-05-01T17:01:02.300+0000] {dag.py:3722} INFO - Setting next_dagrun for etl_reddit_pipeline to 2024-04-30T00:00:00+00:00, run_after=2024-05-01T00:00:00+00:00
[2024-05-01T17:01:02.318+0000] {processor.py:179} INFO - Processing /opt/airflow/dags/reddit_dag.py took 0.752 seconds
[2024-05-01T17:32:46.138+0000] {processor.py:157} INFO - Started process (PID=4075) to work on /opt/airflow/dags/reddit_dag.py
[2024-05-01T17:32:46.140+0000] {processor.py:829} INFO - Processing file /opt/airflow/dags/reddit_dag.py for tasks to queue
[2024-05-01T17:32:46.144+0000] {logging_mixin.py:151} INFO - [2024-05-01T17:32:46.143+0000] {dagbag.py:536} INFO - Filling up the DagBag from /opt/airflow/dags/reddit_dag.py
[2024-05-01T17:32:46.505+0000] {processor.py:839} INFO - DAG(s) dict_keys(['etl_reddit_pipeline']) retrieved from /opt/airflow/dags/reddit_dag.py
[2024-05-01T17:32:46.554+0000] {logging_mixin.py:151} INFO - [2024-05-01T17:32:46.553+0000] {dag.py:2941} INFO - Sync 1 DAGs
[2024-05-01T17:32:46.593+0000] {logging_mixin.py:151} INFO - [2024-05-01T17:32:46.592+0000] {dag.py:3722} INFO - Setting next_dagrun for etl_reddit_pipeline to 2024-04-30T00:00:00+00:00, run_after=2024-05-01T00:00:00+00:00
[2024-05-01T17:32:46.620+0000] {processor.py:179} INFO - Processing /opt/airflow/dags/reddit_dag.py took 0.488 seconds
[2024-05-01T17:33:51.441+0000] {processor.py:157} INFO - Started process (PID=4077) to work on /opt/airflow/dags/reddit_dag.py
[2024-05-01T17:33:51.443+0000] {processor.py:829} INFO - Processing file /opt/airflow/dags/reddit_dag.py for tasks to queue
[2024-05-01T17:33:51.449+0000] {logging_mixin.py:151} INFO - [2024-05-01T17:33:51.449+0000] {dagbag.py:536} INFO - Filling up the DagBag from /opt/airflow/dags/reddit_dag.py
[2024-05-01T17:33:52.206+0000] {processor.py:839} INFO - DAG(s) dict_keys(['etl_reddit_pipeline']) retrieved from /opt/airflow/dags/reddit_dag.py
[2024-05-01T17:33:52.258+0000] {logging_mixin.py:151} INFO - [2024-05-01T17:33:52.256+0000] {dag.py:2941} INFO - Sync 1 DAGs
[2024-05-01T17:33:52.474+0000] {logging_mixin.py:151} INFO - [2024-05-01T17:33:52.474+0000] {dag.py:3722} INFO - Setting next_dagrun for etl_reddit_pipeline to 2024-04-30T00:00:00+00:00, run_after=2024-05-01T00:00:00+00:00
[2024-05-01T17:33:52.483+0000] {processor.py:179} INFO - Processing /opt/airflow/dags/reddit_dag.py took 1.053 seconds
[2024-05-01T18:23:47.552+0000] {processor.py:157} INFO - Started process (PID=4079) to work on /opt/airflow/dags/reddit_dag.py
[2024-05-01T18:23:47.555+0000] {processor.py:829} INFO - Processing file /opt/airflow/dags/reddit_dag.py for tasks to queue
[2024-05-01T18:23:47.561+0000] {logging_mixin.py:151} INFO - [2024-05-01T18:23:47.560+0000] {dagbag.py:536} INFO - Filling up the DagBag from /opt/airflow/dags/reddit_dag.py
[2024-05-01T18:23:48.880+0000] {processor.py:839} INFO - DAG(s) dict_keys(['etl_reddit_pipeline']) retrieved from /opt/airflow/dags/reddit_dag.py
[2024-05-01T18:23:48.924+0000] {logging_mixin.py:151} INFO - [2024-05-01T18:23:48.924+0000] {dag.py:2941} INFO - Sync 1 DAGs
[2024-05-01T18:23:49.172+0000] {logging_mixin.py:151} INFO - [2024-05-01T18:23:49.171+0000] {dag.py:3722} INFO - Setting next_dagrun for etl_reddit_pipeline to 2024-04-30T00:00:00+00:00, run_after=2024-05-01T00:00:00+00:00
[2024-05-01T18:23:49.184+0000] {processor.py:179} INFO - Processing /opt/airflow/dags/reddit_dag.py took 1.637 seconds
[2024-05-01T18:42:21.358+0000] {processor.py:157} INFO - Started process (PID=4081) to work on /opt/airflow/dags/reddit_dag.py
[2024-05-01T18:42:21.363+0000] {processor.py:829} INFO - Processing file /opt/airflow/dags/reddit_dag.py for tasks to queue
[2024-05-01T18:42:21.382+0000] {logging_mixin.py:151} INFO - [2024-05-01T18:42:21.374+0000] {dagbag.py:536} INFO - Filling up the DagBag from /opt/airflow/dags/reddit_dag.py
[2024-05-01T18:42:22.787+0000] {processor.py:839} INFO - DAG(s) dict_keys(['etl_reddit_pipeline']) retrieved from /opt/airflow/dags/reddit_dag.py
[2024-05-01T18:42:23.143+0000] {logging_mixin.py:151} INFO - [2024-05-01T18:42:23.141+0000] {dag.py:2941} INFO - Sync 1 DAGs
[2024-05-01T18:42:23.171+0000] {logging_mixin.py:151} INFO - [2024-05-01T18:42:23.171+0000] {dag.py:3722} INFO - Setting next_dagrun for etl_reddit_pipeline to 2024-04-30T00:00:00+00:00, run_after=2024-05-01T00:00:00+00:00
[2024-05-01T18:42:23.185+0000] {processor.py:179} INFO - Processing /opt/airflow/dags/reddit_dag.py took 1.849 seconds
[2024-05-01T19:38:23.973+0000] {processor.py:157} INFO - Started process (PID=4083) to work on /opt/airflow/dags/reddit_dag.py
[2024-05-01T19:38:23.974+0000] {processor.py:829} INFO - Processing file /opt/airflow/dags/reddit_dag.py for tasks to queue
[2024-05-01T19:38:23.978+0000] {logging_mixin.py:151} INFO - [2024-05-01T19:38:23.977+0000] {dagbag.py:536} INFO - Filling up the DagBag from /opt/airflow/dags/reddit_dag.py
[2024-05-01T19:38:24.325+0000] {processor.py:839} INFO - DAG(s) dict_keys(['etl_reddit_pipeline']) retrieved from /opt/airflow/dags/reddit_dag.py
[2024-05-01T19:38:24.343+0000] {logging_mixin.py:151} INFO - [2024-05-01T19:38:24.342+0000] {dag.py:2941} INFO - Sync 1 DAGs
[2024-05-01T19:38:24.355+0000] {logging_mixin.py:151} INFO - [2024-05-01T19:38:24.355+0000] {dag.py:3722} INFO - Setting next_dagrun for etl_reddit_pipeline to 2024-04-30T00:00:00+00:00, run_after=2024-05-01T00:00:00+00:00
[2024-05-01T19:38:24.364+0000] {processor.py:179} INFO - Processing /opt/airflow/dags/reddit_dag.py took 0.397 seconds
[2024-05-01T20:27:24.986+0000] {processor.py:157} INFO - Started process (PID=4085) to work on /opt/airflow/dags/reddit_dag.py
[2024-05-01T20:27:24.987+0000] {processor.py:829} INFO - Processing file /opt/airflow/dags/reddit_dag.py for tasks to queue
[2024-05-01T20:27:24.992+0000] {logging_mixin.py:151} INFO - [2024-05-01T20:27:24.991+0000] {dagbag.py:536} INFO - Filling up the DagBag from /opt/airflow/dags/reddit_dag.py
[2024-05-01T20:27:25.548+0000] {processor.py:839} INFO - DAG(s) dict_keys(['etl_reddit_pipeline']) retrieved from /opt/airflow/dags/reddit_dag.py
[2024-05-01T20:27:25.642+0000] {logging_mixin.py:151} INFO - [2024-05-01T20:27:25.641+0000] {dag.py:2941} INFO - Sync 1 DAGs
[2024-05-01T20:27:25.712+0000] {logging_mixin.py:151} INFO - [2024-05-01T20:27:25.712+0000] {dag.py:3722} INFO - Setting next_dagrun for etl_reddit_pipeline to 2024-04-30T00:00:00+00:00, run_after=2024-05-01T00:00:00+00:00
[2024-05-01T20:27:25.756+0000] {processor.py:179} INFO - Processing /opt/airflow/dags/reddit_dag.py took 0.785 seconds
[2024-05-01T20:34:11.036+0000] {processor.py:157} INFO - Started process (PID=4087) to work on /opt/airflow/dags/reddit_dag.py
[2024-05-01T20:34:11.039+0000] {processor.py:829} INFO - Processing file /opt/airflow/dags/reddit_dag.py for tasks to queue
[2024-05-01T20:34:11.059+0000] {logging_mixin.py:151} INFO - [2024-05-01T20:34:11.058+0000] {dagbag.py:536} INFO - Filling up the DagBag from /opt/airflow/dags/reddit_dag.py
[2024-05-01T20:34:12.022+0000] {processor.py:839} INFO - DAG(s) dict_keys(['etl_reddit_pipeline']) retrieved from /opt/airflow/dags/reddit_dag.py
[2024-05-01T20:34:12.072+0000] {logging_mixin.py:151} INFO - [2024-05-01T20:34:12.072+0000] {dag.py:2941} INFO - Sync 1 DAGs
[2024-05-01T20:34:12.470+0000] {logging_mixin.py:151} INFO - [2024-05-01T20:34:12.470+0000] {dag.py:3722} INFO - Setting next_dagrun for etl_reddit_pipeline to 2024-04-30T00:00:00+00:00, run_after=2024-05-01T00:00:00+00:00
[2024-05-01T20:34:12.483+0000] {processor.py:179} INFO - Processing /opt/airflow/dags/reddit_dag.py took 1.455 seconds
[2024-05-01T20:34:42.997+0000] {processor.py:157} INFO - Started process (PID=4089) to work on /opt/airflow/dags/reddit_dag.py
[2024-05-01T20:34:43.000+0000] {processor.py:829} INFO - Processing file /opt/airflow/dags/reddit_dag.py for tasks to queue
[2024-05-01T20:34:43.017+0000] {logging_mixin.py:151} INFO - [2024-05-01T20:34:43.014+0000] {dagbag.py:536} INFO - Filling up the DagBag from /opt/airflow/dags/reddit_dag.py
[2024-05-01T20:34:43.591+0000] {processor.py:839} INFO - DAG(s) dict_keys(['etl_reddit_pipeline']) retrieved from /opt/airflow/dags/reddit_dag.py
[2024-05-01T20:34:43.622+0000] {logging_mixin.py:151} INFO - [2024-05-01T20:34:43.622+0000] {dag.py:2941} INFO - Sync 1 DAGs
[2024-05-01T20:34:43.817+0000] {logging_mixin.py:151} INFO - [2024-05-01T20:34:43.817+0000] {dag.py:3722} INFO - Setting next_dagrun for etl_reddit_pipeline to 2024-04-30T00:00:00+00:00, run_after=2024-05-01T00:00:00+00:00
[2024-05-01T20:34:43.826+0000] {processor.py:179} INFO - Processing /opt/airflow/dags/reddit_dag.py took 0.848 seconds
[2024-05-01T20:35:14.213+0000] {processor.py:157} INFO - Started process (PID=4091) to work on /opt/airflow/dags/reddit_dag.py
[2024-05-01T20:35:14.214+0000] {processor.py:829} INFO - Processing file /opt/airflow/dags/reddit_dag.py for tasks to queue
[2024-05-01T20:35:14.218+0000] {logging_mixin.py:151} INFO - [2024-05-01T20:35:14.218+0000] {dagbag.py:536} INFO - Filling up the DagBag from /opt/airflow/dags/reddit_dag.py
[2024-05-01T20:35:14.595+0000] {processor.py:839} INFO - DAG(s) dict_keys(['etl_reddit_pipeline']) retrieved from /opt/airflow/dags/reddit_dag.py
[2024-05-01T20:35:14.628+0000] {logging_mixin.py:151} INFO - [2024-05-01T20:35:14.628+0000] {dag.py:2941} INFO - Sync 1 DAGs
[2024-05-01T20:35:14.800+0000] {logging_mixin.py:151} INFO - [2024-05-01T20:35:14.800+0000] {dag.py:3722} INFO - Setting next_dagrun for etl_reddit_pipeline to 2024-04-30T00:00:00+00:00, run_after=2024-05-01T00:00:00+00:00
[2024-05-01T20:35:14.817+0000] {processor.py:179} INFO - Processing /opt/airflow/dags/reddit_dag.py took 0.612 seconds
[2024-05-01T20:35:45.341+0000] {processor.py:157} INFO - Started process (PID=4093) to work on /opt/airflow/dags/reddit_dag.py
[2024-05-01T20:35:45.343+0000] {processor.py:829} INFO - Processing file /opt/airflow/dags/reddit_dag.py for tasks to queue
[2024-05-01T20:35:45.354+0000] {logging_mixin.py:151} INFO - [2024-05-01T20:35:45.352+0000] {dagbag.py:536} INFO - Filling up the DagBag from /opt/airflow/dags/reddit_dag.py
[2024-05-01T20:35:45.807+0000] {processor.py:839} INFO - DAG(s) dict_keys(['etl_reddit_pipeline']) retrieved from /opt/airflow/dags/reddit_dag.py
[2024-05-01T20:35:46.032+0000] {logging_mixin.py:151} INFO - [2024-05-01T20:35:46.032+0000] {dag.py:2941} INFO - Sync 1 DAGs
[2024-05-01T20:35:46.043+0000] {logging_mixin.py:151} INFO - [2024-05-01T20:35:46.042+0000] {dag.py:3722} INFO - Setting next_dagrun for etl_reddit_pipeline to 2024-04-30T00:00:00+00:00, run_after=2024-05-01T00:00:00+00:00
[2024-05-01T20:35:46.050+0000] {processor.py:179} INFO - Processing /opt/airflow/dags/reddit_dag.py took 0.714 seconds
[2024-05-01T20:36:16.438+0000] {processor.py:157} INFO - Started process (PID=4095) to work on /opt/airflow/dags/reddit_dag.py
[2024-05-01T20:36:16.440+0000] {processor.py:829} INFO - Processing file /opt/airflow/dags/reddit_dag.py for tasks to queue
[2024-05-01T20:36:16.445+0000] {logging_mixin.py:151} INFO - [2024-05-01T20:36:16.444+0000] {dagbag.py:536} INFO - Filling up the DagBag from /opt/airflow/dags/reddit_dag.py
[2024-05-01T20:36:16.784+0000] {processor.py:839} INFO - DAG(s) dict_keys(['etl_reddit_pipeline']) retrieved from /opt/airflow/dags/reddit_dag.py
[2024-05-01T20:36:16.816+0000] {logging_mixin.py:151} INFO - [2024-05-01T20:36:16.815+0000] {dag.py:2941} INFO - Sync 1 DAGs
[2024-05-01T20:36:16.834+0000] {logging_mixin.py:151} INFO - [2024-05-01T20:36:16.834+0000] {dag.py:3722} INFO - Setting next_dagrun for etl_reddit_pipeline to 2024-04-30T00:00:00+00:00, run_after=2024-05-01T00:00:00+00:00
[2024-05-01T20:36:16.843+0000] {processor.py:179} INFO - Processing /opt/airflow/dags/reddit_dag.py took 0.415 seconds
[2024-05-01T20:36:47.026+0000] {processor.py:157} INFO - Started process (PID=4097) to work on /opt/airflow/dags/reddit_dag.py
[2024-05-01T20:36:47.029+0000] {processor.py:829} INFO - Processing file /opt/airflow/dags/reddit_dag.py for tasks to queue
[2024-05-01T20:36:47.035+0000] {logging_mixin.py:151} INFO - [2024-05-01T20:36:47.034+0000] {dagbag.py:536} INFO - Filling up the DagBag from /opt/airflow/dags/reddit_dag.py
[2024-05-01T20:36:47.467+0000] {processor.py:839} INFO - DAG(s) dict_keys(['etl_reddit_pipeline']) retrieved from /opt/airflow/dags/reddit_dag.py
[2024-05-01T20:36:47.496+0000] {logging_mixin.py:151} INFO - [2024-05-01T20:36:47.495+0000] {dag.py:2941} INFO - Sync 1 DAGs
[2024-05-01T20:36:47.509+0000] {logging_mixin.py:151} INFO - [2024-05-01T20:36:47.509+0000] {dag.py:3722} INFO - Setting next_dagrun for etl_reddit_pipeline to 2024-04-30T00:00:00+00:00, run_after=2024-05-01T00:00:00+00:00
[2024-05-01T20:36:47.519+0000] {processor.py:179} INFO - Processing /opt/airflow/dags/reddit_dag.py took 0.504 seconds
[2024-05-01T20:37:17.850+0000] {processor.py:157} INFO - Started process (PID=4099) to work on /opt/airflow/dags/reddit_dag.py
[2024-05-01T20:37:17.853+0000] {processor.py:829} INFO - Processing file /opt/airflow/dags/reddit_dag.py for tasks to queue
[2024-05-01T20:37:17.866+0000] {logging_mixin.py:151} INFO - [2024-05-01T20:37:17.864+0000] {dagbag.py:536} INFO - Filling up the DagBag from /opt/airflow/dags/reddit_dag.py
[2024-05-01T20:37:18.208+0000] {processor.py:839} INFO - DAG(s) dict_keys(['etl_reddit_pipeline']) retrieved from /opt/airflow/dags/reddit_dag.py
[2024-05-01T20:37:18.240+0000] {logging_mixin.py:151} INFO - [2024-05-01T20:37:18.240+0000] {dag.py:2941} INFO - Sync 1 DAGs
[2024-05-01T20:37:18.420+0000] {logging_mixin.py:151} INFO - [2024-05-01T20:37:18.420+0000] {dag.py:3722} INFO - Setting next_dagrun for etl_reddit_pipeline to 2024-04-30T00:00:00+00:00, run_after=2024-05-01T00:00:00+00:00
[2024-05-01T20:37:18.428+0000] {processor.py:179} INFO - Processing /opt/airflow/dags/reddit_dag.py took 0.587 seconds
[2024-05-01T20:37:48.873+0000] {processor.py:157} INFO - Started process (PID=4101) to work on /opt/airflow/dags/reddit_dag.py
[2024-05-01T20:37:48.875+0000] {processor.py:829} INFO - Processing file /opt/airflow/dags/reddit_dag.py for tasks to queue
[2024-05-01T20:37:48.880+0000] {logging_mixin.py:151} INFO - [2024-05-01T20:37:48.879+0000] {dagbag.py:536} INFO - Filling up the DagBag from /opt/airflow/dags/reddit_dag.py
[2024-05-01T20:37:49.223+0000] {processor.py:839} INFO - DAG(s) dict_keys(['etl_reddit_pipeline']) retrieved from /opt/airflow/dags/reddit_dag.py
[2024-05-01T20:37:49.245+0000] {logging_mixin.py:151} INFO - [2024-05-01T20:37:49.245+0000] {dag.py:2941} INFO - Sync 1 DAGs
[2024-05-01T20:37:49.396+0000] {logging_mixin.py:151} INFO - [2024-05-01T20:37:49.396+0000] {dag.py:3722} INFO - Setting next_dagrun for etl_reddit_pipeline to 2024-04-30T00:00:00+00:00, run_after=2024-05-01T00:00:00+00:00
[2024-05-01T20:37:49.403+0000] {processor.py:179} INFO - Processing /opt/airflow/dags/reddit_dag.py took 0.544 seconds
[2024-05-01T20:38:19.490+0000] {processor.py:157} INFO - Started process (PID=4103) to work on /opt/airflow/dags/reddit_dag.py
[2024-05-01T20:38:19.492+0000] {processor.py:829} INFO - Processing file /opt/airflow/dags/reddit_dag.py for tasks to queue
[2024-05-01T20:38:19.499+0000] {logging_mixin.py:151} INFO - [2024-05-01T20:38:19.498+0000] {dagbag.py:536} INFO - Filling up the DagBag from /opt/airflow/dags/reddit_dag.py
[2024-05-01T20:38:19.825+0000] {processor.py:839} INFO - DAG(s) dict_keys(['etl_reddit_pipeline']) retrieved from /opt/airflow/dags/reddit_dag.py
[2024-05-01T20:38:19.966+0000] {logging_mixin.py:151} INFO - [2024-05-01T20:38:19.966+0000] {dag.py:2941} INFO - Sync 1 DAGs
[2024-05-01T20:38:19.977+0000] {logging_mixin.py:151} INFO - [2024-05-01T20:38:19.976+0000] {dag.py:3722} INFO - Setting next_dagrun for etl_reddit_pipeline to 2024-04-30T00:00:00+00:00, run_after=2024-05-01T00:00:00+00:00
[2024-05-01T20:38:19.984+0000] {processor.py:179} INFO - Processing /opt/airflow/dags/reddit_dag.py took 0.504 seconds
[2024-05-01T20:38:50.330+0000] {processor.py:157} INFO - Started process (PID=4105) to work on /opt/airflow/dags/reddit_dag.py
[2024-05-01T20:38:50.332+0000] {processor.py:829} INFO - Processing file /opt/airflow/dags/reddit_dag.py for tasks to queue
[2024-05-01T20:38:50.336+0000] {logging_mixin.py:151} INFO - [2024-05-01T20:38:50.336+0000] {dagbag.py:536} INFO - Filling up the DagBag from /opt/airflow/dags/reddit_dag.py
[2024-05-01T20:38:50.665+0000] {processor.py:839} INFO - DAG(s) dict_keys(['etl_reddit_pipeline']) retrieved from /opt/airflow/dags/reddit_dag.py
[2024-05-01T20:38:50.685+0000] {logging_mixin.py:151} INFO - [2024-05-01T20:38:50.685+0000] {dag.py:2941} INFO - Sync 1 DAGs
[2024-05-01T20:38:50.704+0000] {logging_mixin.py:151} INFO - [2024-05-01T20:38:50.704+0000] {dag.py:3722} INFO - Setting next_dagrun for etl_reddit_pipeline to 2024-04-30T00:00:00+00:00, run_after=2024-05-01T00:00:00+00:00
[2024-05-01T20:38:50.722+0000] {processor.py:179} INFO - Processing /opt/airflow/dags/reddit_dag.py took 0.413 seconds
[2024-05-01T20:39:21.111+0000] {processor.py:157} INFO - Started process (PID=4107) to work on /opt/airflow/dags/reddit_dag.py
[2024-05-01T20:39:21.113+0000] {processor.py:829} INFO - Processing file /opt/airflow/dags/reddit_dag.py for tasks to queue
[2024-05-01T20:39:21.118+0000] {logging_mixin.py:151} INFO - [2024-05-01T20:39:21.117+0000] {dagbag.py:536} INFO - Filling up the DagBag from /opt/airflow/dags/reddit_dag.py
[2024-05-01T20:39:21.474+0000] {processor.py:839} INFO - DAG(s) dict_keys(['etl_reddit_pipeline']) retrieved from /opt/airflow/dags/reddit_dag.py
[2024-05-01T20:39:21.496+0000] {logging_mixin.py:151} INFO - [2024-05-01T20:39:21.495+0000] {dag.py:2941} INFO - Sync 1 DAGs
[2024-05-01T20:39:21.520+0000] {logging_mixin.py:151} INFO - [2024-05-01T20:39:21.519+0000] {dag.py:3722} INFO - Setting next_dagrun for etl_reddit_pipeline to 2024-04-30T00:00:00+00:00, run_after=2024-05-01T00:00:00+00:00
[2024-05-01T20:39:21.546+0000] {processor.py:179} INFO - Processing /opt/airflow/dags/reddit_dag.py took 0.442 seconds
[2024-05-01T20:39:51.931+0000] {processor.py:157} INFO - Started process (PID=4109) to work on /opt/airflow/dags/reddit_dag.py
[2024-05-01T20:39:51.933+0000] {processor.py:829} INFO - Processing file /opt/airflow/dags/reddit_dag.py for tasks to queue
[2024-05-01T20:39:51.938+0000] {logging_mixin.py:151} INFO - [2024-05-01T20:39:51.937+0000] {dagbag.py:536} INFO - Filling up the DagBag from /opt/airflow/dags/reddit_dag.py
[2024-05-01T20:39:52.252+0000] {processor.py:839} INFO - DAG(s) dict_keys(['etl_reddit_pipeline']) retrieved from /opt/airflow/dags/reddit_dag.py
[2024-05-01T20:39:52.280+0000] {logging_mixin.py:151} INFO - [2024-05-01T20:39:52.280+0000] {dag.py:2941} INFO - Sync 1 DAGs
[2024-05-01T20:39:52.295+0000] {logging_mixin.py:151} INFO - [2024-05-01T20:39:52.295+0000] {dag.py:3722} INFO - Setting next_dagrun for etl_reddit_pipeline to 2024-04-30T00:00:00+00:00, run_after=2024-05-01T00:00:00+00:00
[2024-05-01T20:39:52.449+0000] {processor.py:179} INFO - Processing /opt/airflow/dags/reddit_dag.py took 0.525 seconds
[2024-05-01T20:40:22.762+0000] {processor.py:157} INFO - Started process (PID=4111) to work on /opt/airflow/dags/reddit_dag.py
[2024-05-01T20:40:22.764+0000] {processor.py:829} INFO - Processing file /opt/airflow/dags/reddit_dag.py for tasks to queue
[2024-05-01T20:40:22.768+0000] {logging_mixin.py:151} INFO - [2024-05-01T20:40:22.768+0000] {dagbag.py:536} INFO - Filling up the DagBag from /opt/airflow/dags/reddit_dag.py
[2024-05-01T20:40:23.092+0000] {processor.py:839} INFO - DAG(s) dict_keys(['etl_reddit_pipeline']) retrieved from /opt/airflow/dags/reddit_dag.py
[2024-05-01T20:40:23.111+0000] {logging_mixin.py:151} INFO - [2024-05-01T20:40:23.110+0000] {dag.py:2941} INFO - Sync 1 DAGs
[2024-05-01T20:40:23.265+0000] {logging_mixin.py:151} INFO - [2024-05-01T20:40:23.265+0000] {dag.py:3722} INFO - Setting next_dagrun for etl_reddit_pipeline to 2024-04-30T00:00:00+00:00, run_after=2024-05-01T00:00:00+00:00
[2024-05-01T20:40:23.273+0000] {processor.py:179} INFO - Processing /opt/airflow/dags/reddit_dag.py took 0.521 seconds
[2024-05-01T20:40:54.014+0000] {processor.py:157} INFO - Started process (PID=4113) to work on /opt/airflow/dags/reddit_dag.py
[2024-05-01T20:40:54.016+0000] {processor.py:829} INFO - Processing file /opt/airflow/dags/reddit_dag.py for tasks to queue
[2024-05-01T20:40:54.021+0000] {logging_mixin.py:151} INFO - [2024-05-01T20:40:54.021+0000] {dagbag.py:536} INFO - Filling up the DagBag from /opt/airflow/dags/reddit_dag.py
[2024-05-01T20:40:54.379+0000] {processor.py:839} INFO - DAG(s) dict_keys(['etl_reddit_pipeline']) retrieved from /opt/airflow/dags/reddit_dag.py
[2024-05-01T20:40:54.401+0000] {logging_mixin.py:151} INFO - [2024-05-01T20:40:54.400+0000] {dag.py:2941} INFO - Sync 1 DAGs
[2024-05-01T20:40:54.546+0000] {logging_mixin.py:151} INFO - [2024-05-01T20:40:54.545+0000] {dag.py:3722} INFO - Setting next_dagrun for etl_reddit_pipeline to 2024-04-30T00:00:00+00:00, run_after=2024-05-01T00:00:00+00:00
[2024-05-01T20:40:54.553+0000] {processor.py:179} INFO - Processing /opt/airflow/dags/reddit_dag.py took 0.551 seconds
[2024-05-01T21:32:51.674+0000] {processor.py:157} INFO - Started process (PID=4115) to work on /opt/airflow/dags/reddit_dag.py
[2024-05-01T21:32:51.677+0000] {processor.py:829} INFO - Processing file /opt/airflow/dags/reddit_dag.py for tasks to queue
[2024-05-01T21:32:51.683+0000] {logging_mixin.py:151} INFO - [2024-05-01T21:32:51.683+0000] {dagbag.py:536} INFO - Filling up the DagBag from /opt/airflow/dags/reddit_dag.py
[2024-05-01T21:32:52.505+0000] {processor.py:839} INFO - DAG(s) dict_keys(['etl_reddit_pipeline']) retrieved from /opt/airflow/dags/reddit_dag.py
[2024-05-01T21:32:52.921+0000] {logging_mixin.py:151} INFO - [2024-05-01T21:32:52.921+0000] {dag.py:2941} INFO - Sync 1 DAGs
[2024-05-01T21:32:52.932+0000] {logging_mixin.py:151} INFO - [2024-05-01T21:32:52.932+0000] {dag.py:3722} INFO - Setting next_dagrun for etl_reddit_pipeline to 2024-04-30T00:00:00+00:00, run_after=2024-05-01T00:00:00+00:00
[2024-05-01T21:32:52.940+0000] {processor.py:179} INFO - Processing /opt/airflow/dags/reddit_dag.py took 1.274 seconds
[2024-05-01T21:49:35.442+0000] {processor.py:157} INFO - Started process (PID=4117) to work on /opt/airflow/dags/reddit_dag.py
[2024-05-01T21:49:35.444+0000] {processor.py:829} INFO - Processing file /opt/airflow/dags/reddit_dag.py for tasks to queue
[2024-05-01T21:49:35.449+0000] {logging_mixin.py:151} INFO - [2024-05-01T21:49:35.448+0000] {dagbag.py:536} INFO - Filling up the DagBag from /opt/airflow/dags/reddit_dag.py
[2024-05-01T21:49:36.084+0000] {processor.py:839} INFO - DAG(s) dict_keys(['etl_reddit_pipeline']) retrieved from /opt/airflow/dags/reddit_dag.py
[2024-05-01T21:49:36.185+0000] {logging_mixin.py:151} INFO - [2024-05-01T21:49:36.182+0000] {dag.py:2941} INFO - Sync 1 DAGs
[2024-05-01T21:49:36.295+0000] {logging_mixin.py:151} INFO - [2024-05-01T21:49:36.294+0000] {dag.py:3722} INFO - Setting next_dagrun for etl_reddit_pipeline to 2024-04-30T00:00:00+00:00, run_after=2024-05-01T00:00:00+00:00
[2024-05-01T21:49:36.317+0000] {processor.py:179} INFO - Processing /opt/airflow/dags/reddit_dag.py took 0.900 seconds
[2024-05-01T21:50:17.515+0000] {processor.py:157} INFO - Started process (PID=4119) to work on /opt/airflow/dags/reddit_dag.py
[2024-05-01T21:50:17.518+0000] {processor.py:829} INFO - Processing file /opt/airflow/dags/reddit_dag.py for tasks to queue
[2024-05-01T21:50:17.538+0000] {logging_mixin.py:151} INFO - [2024-05-01T21:50:17.536+0000] {dagbag.py:536} INFO - Filling up the DagBag from /opt/airflow/dags/reddit_dag.py
[2024-05-01T21:50:18.202+0000] {processor.py:839} INFO - DAG(s) dict_keys(['etl_reddit_pipeline']) retrieved from /opt/airflow/dags/reddit_dag.py
[2024-05-01T21:50:18.234+0000] {logging_mixin.py:151} INFO - [2024-05-01T21:50:18.233+0000] {dag.py:2941} INFO - Sync 1 DAGs
[2024-05-01T21:50:18.248+0000] {logging_mixin.py:151} INFO - [2024-05-01T21:50:18.248+0000] {dag.py:3722} INFO - Setting next_dagrun for etl_reddit_pipeline to 2024-04-30T00:00:00+00:00, run_after=2024-05-01T00:00:00+00:00
[2024-05-01T21:50:18.258+0000] {processor.py:179} INFO - Processing /opt/airflow/dags/reddit_dag.py took 0.751 seconds
[2024-05-01T22:06:31.816+0000] {processor.py:157} INFO - Started process (PID=4121) to work on /opt/airflow/dags/reddit_dag.py
[2024-05-01T22:06:31.818+0000] {processor.py:829} INFO - Processing file /opt/airflow/dags/reddit_dag.py for tasks to queue
[2024-05-01T22:06:31.825+0000] {logging_mixin.py:151} INFO - [2024-05-01T22:06:31.824+0000] {dagbag.py:536} INFO - Filling up the DagBag from /opt/airflow/dags/reddit_dag.py
[2024-05-01T22:06:32.975+0000] {processor.py:839} INFO - DAG(s) dict_keys(['etl_reddit_pipeline']) retrieved from /opt/airflow/dags/reddit_dag.py
[2024-05-01T22:06:33.022+0000] {logging_mixin.py:151} INFO - [2024-05-01T22:06:33.021+0000] {dag.py:2941} INFO - Sync 1 DAGs
[2024-05-01T22:06:33.213+0000] {logging_mixin.py:151} INFO - [2024-05-01T22:06:33.213+0000] {dag.py:3722} INFO - Setting next_dagrun for etl_reddit_pipeline to 2024-04-30T00:00:00+00:00, run_after=2024-05-01T00:00:00+00:00
[2024-05-01T22:06:33.222+0000] {processor.py:179} INFO - Processing /opt/airflow/dags/reddit_dag.py took 1.412 seconds
[2024-05-01T22:08:41.381+0000] {processor.py:157} INFO - Started process (PID=4123) to work on /opt/airflow/dags/reddit_dag.py
[2024-05-01T22:08:41.383+0000] {processor.py:829} INFO - Processing file /opt/airflow/dags/reddit_dag.py for tasks to queue
[2024-05-01T22:08:41.388+0000] {logging_mixin.py:151} INFO - [2024-05-01T22:08:41.387+0000] {dagbag.py:536} INFO - Filling up the DagBag from /opt/airflow/dags/reddit_dag.py
[2024-05-01T22:08:42.307+0000] {processor.py:839} INFO - DAG(s) dict_keys(['etl_reddit_pipeline']) retrieved from /opt/airflow/dags/reddit_dag.py
[2024-05-01T22:08:42.391+0000] {logging_mixin.py:151} INFO - [2024-05-01T22:08:42.390+0000] {dag.py:2941} INFO - Sync 1 DAGs
[2024-05-01T22:08:42.557+0000] {logging_mixin.py:151} INFO - [2024-05-01T22:08:42.556+0000] {dag.py:3722} INFO - Setting next_dagrun for etl_reddit_pipeline to 2024-04-30T00:00:00+00:00, run_after=2024-05-01T00:00:00+00:00
[2024-05-01T22:08:42.566+0000] {processor.py:179} INFO - Processing /opt/airflow/dags/reddit_dag.py took 1.193 seconds
[2024-05-01T22:25:54.036+0000] {processor.py:157} INFO - Started process (PID=4125) to work on /opt/airflow/dags/reddit_dag.py
[2024-05-01T22:25:54.038+0000] {processor.py:829} INFO - Processing file /opt/airflow/dags/reddit_dag.py for tasks to queue
[2024-05-01T22:25:54.043+0000] {logging_mixin.py:151} INFO - [2024-05-01T22:25:54.042+0000] {dagbag.py:536} INFO - Filling up the DagBag from /opt/airflow/dags/reddit_dag.py
[2024-05-01T22:25:54.424+0000] {processor.py:839} INFO - DAG(s) dict_keys(['etl_reddit_pipeline']) retrieved from /opt/airflow/dags/reddit_dag.py
[2024-05-01T22:25:54.444+0000] {logging_mixin.py:151} INFO - [2024-05-01T22:25:54.444+0000] {dag.py:2941} INFO - Sync 1 DAGs
[2024-05-01T22:25:54.587+0000] {logging_mixin.py:151} INFO - [2024-05-01T22:25:54.586+0000] {dag.py:3722} INFO - Setting next_dagrun for etl_reddit_pipeline to 2024-04-30T00:00:00+00:00, run_after=2024-05-01T00:00:00+00:00
[2024-05-01T22:25:54.595+0000] {processor.py:179} INFO - Processing /opt/airflow/dags/reddit_dag.py took 0.565 seconds
[2024-05-01T22:42:16.957+0000] {processor.py:157} INFO - Started process (PID=4127) to work on /opt/airflow/dags/reddit_dag.py
[2024-05-01T22:42:16.960+0000] {processor.py:829} INFO - Processing file /opt/airflow/dags/reddit_dag.py for tasks to queue
[2024-05-01T22:42:16.964+0000] {logging_mixin.py:151} INFO - [2024-05-01T22:42:16.963+0000] {dagbag.py:536} INFO - Filling up the DagBag from /opt/airflow/dags/reddit_dag.py
[2024-05-01T22:42:17.302+0000] {processor.py:839} INFO - DAG(s) dict_keys(['etl_reddit_pipeline']) retrieved from /opt/airflow/dags/reddit_dag.py
[2024-05-01T22:42:17.440+0000] {logging_mixin.py:151} INFO - [2024-05-01T22:42:17.440+0000] {dag.py:2941} INFO - Sync 1 DAGs
[2024-05-01T22:42:17.449+0000] {logging_mixin.py:151} INFO - [2024-05-01T22:42:17.449+0000] {dag.py:3722} INFO - Setting next_dagrun for etl_reddit_pipeline to 2024-04-30T00:00:00+00:00, run_after=2024-05-01T00:00:00+00:00
[2024-05-01T22:42:17.456+0000] {processor.py:179} INFO - Processing /opt/airflow/dags/reddit_dag.py took 0.507 seconds
[2024-05-01T22:44:26.853+0000] {processor.py:157} INFO - Started process (PID=4129) to work on /opt/airflow/dags/reddit_dag.py
[2024-05-01T22:44:26.856+0000] {processor.py:829} INFO - Processing file /opt/airflow/dags/reddit_dag.py for tasks to queue
[2024-05-01T22:44:26.861+0000] {logging_mixin.py:151} INFO - [2024-05-01T22:44:26.861+0000] {dagbag.py:536} INFO - Filling up the DagBag from /opt/airflow/dags/reddit_dag.py
[2024-05-01T22:44:27.640+0000] {processor.py:839} INFO - DAG(s) dict_keys(['etl_reddit_pipeline']) retrieved from /opt/airflow/dags/reddit_dag.py
[2024-05-01T22:44:27.753+0000] {logging_mixin.py:151} INFO - [2024-05-01T22:44:27.751+0000] {dag.py:2941} INFO - Sync 1 DAGs
[2024-05-01T22:44:27.820+0000] {logging_mixin.py:151} INFO - [2024-05-01T22:44:27.819+0000] {dag.py:3722} INFO - Setting next_dagrun for etl_reddit_pipeline to 2024-04-30T00:00:00+00:00, run_after=2024-05-01T00:00:00+00:00
[2024-05-01T22:44:27.873+0000] {processor.py:179} INFO - Processing /opt/airflow/dags/reddit_dag.py took 1.056 seconds
[2024-05-01T23:19:56.245+0000] {processor.py:157} INFO - Started process (PID=4131) to work on /opt/airflow/dags/reddit_dag.py
[2024-05-01T23:19:56.253+0000] {processor.py:829} INFO - Processing file /opt/airflow/dags/reddit_dag.py for tasks to queue
[2024-05-01T23:19:56.272+0000] {logging_mixin.py:151} INFO - [2024-05-01T23:19:56.270+0000] {dagbag.py:536} INFO - Filling up the DagBag from /opt/airflow/dags/reddit_dag.py
[2024-05-01T23:19:57.541+0000] {processor.py:839} INFO - DAG(s) dict_keys(['etl_reddit_pipeline']) retrieved from /opt/airflow/dags/reddit_dag.py
[2024-05-01T23:19:57.610+0000] {logging_mixin.py:151} INFO - [2024-05-01T23:19:57.609+0000] {dag.py:2941} INFO - Sync 1 DAGs
[2024-05-01T23:19:57.649+0000] {logging_mixin.py:151} INFO - [2024-05-01T23:19:57.649+0000] {dag.py:3722} INFO - Setting next_dagrun for etl_reddit_pipeline to 2024-04-30T00:00:00+00:00, run_after=2024-05-01T00:00:00+00:00
[2024-05-01T23:19:57.963+0000] {processor.py:179} INFO - Processing /opt/airflow/dags/reddit_dag.py took 1.745 seconds
[2024-05-01T23:52:32.025+0000] {processor.py:157} INFO - Started process (PID=4133) to work on /opt/airflow/dags/reddit_dag.py
[2024-05-01T23:52:32.028+0000] {processor.py:829} INFO - Processing file /opt/airflow/dags/reddit_dag.py for tasks to queue
[2024-05-01T23:52:32.040+0000] {logging_mixin.py:151} INFO - [2024-05-01T23:52:32.037+0000] {dagbag.py:536} INFO - Filling up the DagBag from /opt/airflow/dags/reddit_dag.py
[2024-05-01T23:52:34.119+0000] {processor.py:839} INFO - DAG(s) dict_keys(['etl_reddit_pipeline']) retrieved from /opt/airflow/dags/reddit_dag.py
[2024-05-01T23:52:34.155+0000] {logging_mixin.py:151} INFO - [2024-05-01T23:52:34.155+0000] {dag.py:2941} INFO - Sync 1 DAGs
[2024-05-01T23:52:34.454+0000] {logging_mixin.py:151} INFO - [2024-05-01T23:52:34.453+0000] {dag.py:3722} INFO - Setting next_dagrun for etl_reddit_pipeline to 2024-04-30T00:00:00+00:00, run_after=2024-05-01T00:00:00+00:00
[2024-05-01T23:52:34.463+0000] {processor.py:179} INFO - Processing /opt/airflow/dags/reddit_dag.py took 2.443 seconds
